<?xml version="1.0" encoding="UTF-8"?>
<robot generator="Robot 6.1.1 (Python 3.13.4 on win32)" generated="20260222 19:03:13.625" rpa="false" schemaversion="4">
<suite id="s1" name="Robot Tests" source="C:\Users\Mohan Reddy\OneDrive\Documents\capstone project\ecommerce-automation\robot_tests">
<suite id="s1-s1" name="Tests" source="C:\Users\Mohan Reddy\OneDrive\Documents\capstone project\ecommerce-automation\robot_tests\tests">
<suite id="s1-s1-s1" name="Register Login" source="C:\Users\Mohan Reddy\OneDrive\Documents\capstone project\ecommerce-automation\robot_tests\tests\register_login.robot">
<test id="s1-s1-s1-t1" name="Full User Journey From CSV" line="7">
<kw name="Read Csv File To List" library="CSVLibrary">
<var>${data}</var>
<arg>users.csv</arg>
<doc>Read CSV file and return its content as a Python list of tuples.</doc>
<msg timestamp="20260222 19:03:14.094" level="INFO">${data} = [['firstname', 'lastname', 'password', 'dob', 'street', 'postal_code', 'city', 'state', 'country', 'phone', 'product', 'quantity'], ['Ramesh', 'Kumar', 'Testingproject@123', '2000-01-01', '123 Market ...</msg>
<status status="PASS" starttime="20260222 19:03:14.093" endtime="20260222 19:03:14.094"/>
</kw>
<for flavor="IN">
<var>${row}</var>
<value>@{data}[1:]</value>
<iter>
<var name="${row}">['Ramesh', 'Kumar', 'Testingproject@123', '2000-01-01', '123 Market Street', '600002', 'Chennai', 'Tamil Nadu', 'India', '9876509876', 'pliers', '2']</var>
<kw name="Open Application" library="keywords">
<kw name="Open Browser" library="SeleniumLibrary">
<arg>${BASE_URL}</arg>
<arg>${BROWSER}</arg>
<doc>Opens a new browser instance to the optional ``url``.</doc>
<msg timestamp="20260222 19:03:14.095" level="INFO">Opening browser 'chrome' to base url 'https://practicesoftwaretesting.com/'.</msg>
<status status="PASS" starttime="20260222 19:03:14.095" endtime="20260222 19:03:15.925"/>
</kw>
<kw name="Maximize Browser Window" library="SeleniumLibrary">
<doc>Maximizes current browser window.</doc>
<status status="PASS" starttime="20260222 19:03:15.926" endtime="20260222 19:03:19.403"/>
</kw>
<status status="PASS" starttime="20260222 19:03:14.095" endtime="20260222 19:03:19.403"/>
</kw>
<kw name="Register User" library="keywords">
<arg>${row}[0]</arg>
<arg>${row}[1]</arg>
<arg>${row}[2]</arg>
<arg>${row}[3]</arg>
<arg>${row}[4]</arg>
<arg>${row}[5]</arg>
<arg>${row}[6]</arg>
<arg>${row}[7]</arg>
<arg>${row}[8]</arg>
<arg>${row}[9]</arg>
<kw name="Wait Until Element Is Visible" library="SeleniumLibrary">
<arg>css:a[data-test='nav-sign-in']</arg>
<arg>20s</arg>
<doc>Waits until the element ``locator`` is visible.</doc>
<status status="PASS" starttime="20260222 19:03:19.404" endtime="20260222 19:03:19.505"/>
</kw>
<kw name="Click Element" library="SeleniumLibrary">
<arg>css:a[data-test='nav-sign-in']</arg>
<doc>Click the element identified by ``locator``.</doc>
<msg timestamp="20260222 19:03:19.505" level="INFO">Clicking element 'css:a[data-test='nav-sign-in']'.</msg>
<status status="PASS" starttime="20260222 19:03:19.505" endtime="20260222 19:03:19.602"/>
</kw>
<kw name="Wait Until Element Is Visible" library="SeleniumLibrary">
<arg>xpath=//a[contains(text(),'Register your account')]</arg>
<arg>20s</arg>
<doc>Waits until the element ``locator`` is visible.</doc>
<status status="PASS" starttime="20260222 19:03:19.603" endtime="20260222 19:03:20.080"/>
</kw>
<kw name="Click Element" library="SeleniumLibrary">
<arg>xpath=//a[contains(text(),'Register your account')]</arg>
<doc>Click the element identified by ``locator``.</doc>
<msg timestamp="20260222 19:03:20.082" level="INFO">Clicking element 'xpath=//a[contains(text(),'Register your account')]'.</msg>
<status status="PASS" starttime="20260222 19:03:20.081" endtime="20260222 19:03:20.331"/>
</kw>
<kw name="Get Time" library="BuiltIn">
<var>${timestamp}</var>
<arg>epoch</arg>
<doc>Returns the given time in the requested format.</doc>
<msg timestamp="20260222 19:03:20.331" level="INFO">${timestamp} = 1771767200</msg>
<status status="PASS" starttime="20260222 19:03:20.331" endtime="20260222 19:03:20.331"/>
</kw>
<kw name="Catenate" library="BuiltIn">
<var>${EMAIL}</var>
<arg>${firstname}${timestamp}@example.com</arg>
<doc>Catenates the given items together and returns the resulted string.</doc>
<msg timestamp="20260222 19:03:20.332" level="INFO">${EMAIL} = Ramesh1771767200@example.com</msg>
<status status="PASS" starttime="20260222 19:03:20.332" endtime="20260222 19:03:20.332"/>
</kw>
<kw name="Set Suite Variable" library="BuiltIn">
<arg>${EMAIL}</arg>
<doc>Makes a variable available everywhere within the scope of the current suite.</doc>
<msg timestamp="20260222 19:03:20.333" level="INFO">${EMAIL} = Ramesh1771767200@example.com</msg>
<status status="PASS" starttime="20260222 19:03:20.332" endtime="20260222 19:03:20.333"/>
</kw>
<kw name="Set Suite Variable" library="BuiltIn">
<arg>${USER_PASSWORD}</arg>
<arg>${password}</arg>
<doc>Makes a variable available everywhere within the scope of the current suite.</doc>
<msg timestamp="20260222 19:03:20.334" level="INFO">${USER_PASSWORD} = Testingproject@123</msg>
<status status="PASS" starttime="20260222 19:03:20.333" endtime="20260222 19:03:20.334"/>
</kw>
<kw name="Wait Until Element Is Visible" library="SeleniumLibrary">
<arg>id:first_name</arg>
<arg>20s</arg>
<doc>Waits until the element ``locator`` is visible.</doc>
<status status="PASS" starttime="20260222 19:03:20.335" endtime="20260222 19:03:20.359"/>
</kw>
<kw name="Input Text" library="SeleniumLibrary">
<arg>id:first_name</arg>
<arg>${firstname}</arg>
<doc>Types the given ``text`` into the text field identified by ``locator``.</doc>
<msg timestamp="20260222 19:03:20.359" level="INFO">Typing text 'Ramesh' into text field 'id:first_name'.</msg>
<status status="PASS" starttime="20260222 19:03:20.359" endtime="20260222 19:03:20.638"/>
</kw>
<kw name="Input Text" library="SeleniumLibrary">
<arg>id:last_name</arg>
<arg>${lastname}</arg>
<doc>Types the given ``text`` into the text field identified by ``locator``.</doc>
<msg timestamp="20260222 19:03:20.639" level="INFO">Typing text 'Kumar' into text field 'id:last_name'.</msg>
<status status="PASS" starttime="20260222 19:03:20.638" endtime="20260222 19:03:20.873"/>
</kw>
<kw name="Input Text" library="SeleniumLibrary">
<arg>id:email</arg>
<arg>${EMAIL}</arg>
<doc>Types the given ``text`` into the text field identified by ``locator``.</doc>
<msg timestamp="20260222 19:03:20.874" level="INFO">Typing text 'Ramesh1771767200@example.com' into text field 'id:email'.</msg>
<status status="PASS" starttime="20260222 19:03:20.873" endtime="20260222 19:03:21.211"/>
</kw>
<kw name="Input Text" library="SeleniumLibrary">
<arg>id:password</arg>
<arg>${password}</arg>
<doc>Types the given ``text`` into the text field identified by ``locator``.</doc>
<msg timestamp="20260222 19:03:21.212" level="INFO">Typing text 'Testingproject@123' into text field 'id:password'.</msg>
<status status="PASS" starttime="20260222 19:03:21.211" endtime="20260222 19:03:21.477"/>
</kw>
<kw name="Input Text" library="SeleniumLibrary">
<arg>id:dob</arg>
<arg>${dob}</arg>
<doc>Types the given ``text`` into the text field identified by ``locator``.</doc>
<msg timestamp="20260222 19:03:21.478" level="INFO">Typing text '2000-01-01' into text field 'id:dob'.</msg>
<status status="PASS" starttime="20260222 19:03:21.478" endtime="20260222 19:03:21.683"/>
</kw>
<kw name="Input Text" library="SeleniumLibrary">
<arg>id:street</arg>
<arg>${street}</arg>
<doc>Types the given ``text`` into the text field identified by ``locator``.</doc>
<msg timestamp="20260222 19:03:21.683" level="INFO">Typing text '123 Market Street' into text field 'id:street'.</msg>
<status status="PASS" starttime="20260222 19:03:21.683" endtime="20260222 19:03:21.900"/>
</kw>
<kw name="Input Text" library="SeleniumLibrary">
<arg>id:postal_code</arg>
<arg>${postal_code}</arg>
<doc>Types the given ``text`` into the text field identified by ``locator``.</doc>
<msg timestamp="20260222 19:03:21.901" level="INFO">Typing text '600002' into text field 'id:postal_code'.</msg>
<status status="PASS" starttime="20260222 19:03:21.900" endtime="20260222 19:03:22.019"/>
</kw>
<kw name="Input Text" library="SeleniumLibrary">
<arg>id:city</arg>
<arg>${city}</arg>
<doc>Types the given ``text`` into the text field identified by ``locator``.</doc>
<msg timestamp="20260222 19:03:22.020" level="INFO">Typing text 'Chennai' into text field 'id:city'.</msg>
<status status="PASS" starttime="20260222 19:03:22.019" endtime="20260222 19:03:22.119"/>
</kw>
<kw name="Input Text" library="SeleniumLibrary">
<arg>id:state</arg>
<arg>${state}</arg>
<doc>Types the given ``text`` into the text field identified by ``locator``.</doc>
<msg timestamp="20260222 19:03:22.120" level="INFO">Typing text 'Tamil Nadu' into text field 'id:state'.</msg>
<status status="PASS" starttime="20260222 19:03:22.119" endtime="20260222 19:03:22.400"/>
</kw>
<kw name="Select From List By Label" library="SeleniumLibrary">
<arg>id:country</arg>
<arg>${country}</arg>
<doc>Selects options from selection list ``locator`` by ``labels``.</doc>
<msg timestamp="20260222 19:03:22.400" level="INFO">Selecting options from selection list 'id:country' by label India.</msg>
<status status="PASS" starttime="20260222 19:03:22.400" endtime="20260222 19:03:22.543"/>
</kw>
<kw name="Input Text" library="SeleniumLibrary">
<arg>id:phone</arg>
<arg>${phone}</arg>
<doc>Types the given ``text`` into the text field identified by ``locator``.</doc>
<msg timestamp="20260222 19:03:22.544" level="INFO">Typing text '9876509876' into text field 'id:phone'.</msg>
<status status="PASS" starttime="20260222 19:03:22.544" endtime="20260222 19:03:22.680"/>
</kw>
<kw name="Click Button" library="SeleniumLibrary">
<arg>css:button[type='submit']</arg>
<doc>Clicks the button identified by ``locator``.</doc>
<msg timestamp="20260222 19:03:22.681" level="INFO">Clicking button 'css:button[type='submit']'.</msg>
<status status="PASS" starttime="20260222 19:03:22.680" endtime="20260222 19:03:22.962"/>
</kw>
<kw name="Wait Until Page Contains Element" library="SeleniumLibrary">
<arg>css:form[data-test='login-form']</arg>
<arg>20s</arg>
<doc>Waits until the element ``locator`` appears on the current page.</doc>
<status status="PASS" starttime="20260222 19:03:22.962" endtime="20260222 19:03:24.751"/>
</kw>
<status status="PASS" starttime="20260222 19:03:19.403" endtime="20260222 19:03:24.751"/>
</kw>
<kw name="Login User" library="keywords">
<kw name="Input Text" library="SeleniumLibrary">
<arg>id:email</arg>
<arg>${EMAIL}</arg>
<doc>Types the given ``text`` into the text field identified by ``locator``.</doc>
<msg timestamp="20260222 19:03:24.754" level="INFO">Typing text 'Ramesh1771767200@example.com' into text field 'id:email'.</msg>
<status status="PASS" starttime="20260222 19:03:24.752" endtime="20260222 19:03:24.922"/>
</kw>
<kw name="Input Text" library="SeleniumLibrary">
<arg>id:password</arg>
<arg>${USER_PASSWORD}</arg>
<doc>Types the given ``text`` into the text field identified by ``locator``.</doc>
<msg timestamp="20260222 19:03:24.922" level="INFO">Typing text 'Testingproject@123' into text field 'id:password'.</msg>
<status status="PASS" starttime="20260222 19:03:24.922" endtime="20260222 19:03:25.073"/>
</kw>
<kw name="Click Button" library="SeleniumLibrary">
<arg>css:input[data-test='login-submit']</arg>
<doc>Clicks the button identified by ``locator``.</doc>
<msg timestamp="20260222 19:03:25.074" level="INFO">Clicking button 'css:input[data-test='login-submit']'.</msg>
<status status="PASS" starttime="20260222 19:03:25.073" endtime="20260222 19:03:25.270"/>
</kw>
<kw name="Wait Until Page Contains Element" library="SeleniumLibrary">
<arg>css:a[data-test='nav-menu']</arg>
<arg>20s</arg>
<doc>Waits until the element ``locator`` appears on the current page.</doc>
<status status="PASS" starttime="20260222 19:03:25.270" endtime="20260222 19:03:28.668"/>
</kw>
<status status="PASS" starttime="20260222 19:03:24.752" endtime="20260222 19:03:28.668"/>
</kw>
<kw name="Search And Add To Cart" library="keywords">
<arg>${row}[10]</arg>
<kw name="Go To" library="SeleniumLibrary">
<arg>${BASE_URL}</arg>
<doc>Navigates the current browser window to the provided ``url``.</doc>
<msg timestamp="20260222 19:03:28.670" level="INFO">Opening url 'https://practicesoftwaretesting.com/'</msg>
<status status="PASS" starttime="20260222 19:03:28.670" endtime="20260222 19:03:28.995"/>
</kw>
<kw name="Wait Until Element Is Visible" library="SeleniumLibrary">
<arg>css:input[data-test='search-query']</arg>
<arg>20s</arg>
<doc>Waits until the element ``locator`` is visible.</doc>
<status status="PASS" starttime="20260222 19:03:28.995" endtime="20260222 19:03:29.034"/>
</kw>
<kw name="Input Text" library="SeleniumLibrary">
<arg>css:input[data-test='search-query']</arg>
<arg>${product}</arg>
<doc>Types the given ``text`` into the text field identified by ``locator``.</doc>
<msg timestamp="20260222 19:03:29.035" level="INFO">Typing text 'pliers' into text field 'css:input[data-test='search-query']'.</msg>
<status status="PASS" starttime="20260222 19:03:29.035" endtime="20260222 19:03:29.221"/>
</kw>
<kw name="Click Button" library="SeleniumLibrary">
<arg>css:button[data-test='search-submit']</arg>
<doc>Clicks the button identified by ``locator``.</doc>
<msg timestamp="20260222 19:03:29.222" level="INFO">Clicking button 'css:button[data-test='search-submit']'.</msg>
<status status="PASS" starttime="20260222 19:03:29.221" endtime="20260222 19:03:29.362"/>
</kw>
<kw name="Wait Until Element Is Visible" library="SeleniumLibrary">
<arg>css:a.card</arg>
<arg>20s</arg>
<doc>Waits until the element ``locator`` is visible.</doc>
<status status="PASS" starttime="20260222 19:03:29.363" endtime="20260222 19:03:30.069"/>
</kw>
<kw name="Click Element" library="SeleniumLibrary">
<arg>css:a.card</arg>
<doc>Click the element identified by ``locator``.</doc>
<msg timestamp="20260222 19:03:30.070" level="INFO">Clicking element 'css:a.card'.</msg>
<status status="PASS" starttime="20260222 19:03:30.069" endtime="20260222 19:03:30.278"/>
</kw>
<kw name="Wait Until Element Is Visible" library="SeleniumLibrary">
<arg>css:button[data-test='add-to-cart']</arg>
<arg>20s</arg>
<doc>Waits until the element ``locator`` is visible.</doc>
<status status="PASS" starttime="20260222 19:03:30.278" endtime="20260222 19:03:31.401"/>
</kw>
<kw name="Click Button" library="SeleniumLibrary">
<arg>css:button[data-test='add-to-cart']</arg>
<doc>Clicks the button identified by ``locator``.</doc>
<msg timestamp="20260222 19:03:31.402" level="INFO">Clicking button 'css:button[data-test='add-to-cart']'.</msg>
<status status="PASS" starttime="20260222 19:03:31.401" endtime="20260222 19:03:31.605"/>
</kw>
<kw name="Wait Until Element Is Visible" library="SeleniumLibrary">
<arg>css:.ngx-toastr</arg>
<arg>10s</arg>
<doc>Waits until the element ``locator`` is visible.</doc>
<status status="PASS" starttime="20260222 19:03:31.606" endtime="20260222 19:03:34.026"/>
</kw>
<kw name="Wait Until Element Is Not Visible" library="SeleniumLibrary">
<arg>css:.ngx-toastr</arg>
<arg>20s</arg>
<doc>Waits until the element ``locator`` is not visible.</doc>
<status status="PASS" starttime="20260222 19:03:34.026" endtime="20260222 19:03:39.163"/>
</kw>
<status status="PASS" starttime="20260222 19:03:28.669" endtime="20260222 19:03:39.164"/>
</kw>
<kw name="Open Cart" library="keywords">
<kw name="Wait Until Element Is Visible" library="SeleniumLibrary">
<arg>css:a[data-test='nav-cart']</arg>
<arg>20s</arg>
<doc>Waits until the element ``locator`` is visible.</doc>
<status status="PASS" starttime="20260222 19:03:39.164" endtime="20260222 19:03:39.199"/>
</kw>
<kw name="Click Element" library="SeleniumLibrary">
<arg>css:a[data-test='nav-cart']</arg>
<doc>Click the element identified by ``locator``.</doc>
<msg timestamp="20260222 19:03:39.200" level="INFO">Clicking element 'css:a[data-test='nav-cart']'.</msg>
<status status="PASS" starttime="20260222 19:03:39.199" endtime="20260222 19:03:39.318"/>
</kw>
<kw name="Wait Until Location Contains" library="SeleniumLibrary">
<arg>checkout</arg>
<arg>20s</arg>
<doc>Waits until the current URL contains ``expected``.</doc>
<status status="PASS" starttime="20260222 19:03:39.318" endtime="20260222 19:03:39.818"/>
</kw>
<kw name="Wait Until Page Contains Element" library="SeleniumLibrary">
<arg>css:input[type='number']</arg>
<arg>20s</arg>
<doc>Waits until the element ``locator`` appears on the current page.</doc>
<status status="PASS" starttime="20260222 19:03:39.819" endtime="20260222 19:03:41.000"/>
</kw>
<status status="PASS" starttime="20260222 19:03:39.164" endtime="20260222 19:03:41.000"/>
</kw>
<kw name="Update Quantity" library="keywords">
<arg>${row}[11]</arg>
<kw name="Wait Until Element Is Visible" library="SeleniumLibrary">
<arg>css:input[type='number']</arg>
<arg>20s</arg>
<doc>Waits until the element ``locator`` is visible.</doc>
<status status="PASS" starttime="20260222 19:03:41.001" endtime="20260222 19:03:41.039"/>
</kw>
<kw name="Wait Until Element Is Enabled" library="SeleniumLibrary">
<arg>css:input[type='number']</arg>
<arg>20s</arg>
<doc>Waits until the element ``locator`` is enabled.</doc>
<status status="PASS" starttime="20260222 19:03:41.040" endtime="20260222 19:03:41.094"/>
</kw>
<kw name="Execute Javascript" library="SeleniumLibrary">
<arg>document.querySelector("input[type='number']").scrollIntoView(true);</arg>
<doc>Executes the given JavaScript code with possible arguments.</doc>
<msg timestamp="20260222 19:03:41.095" level="INFO">Executing JavaScript:
document.querySelector("input[type='number']").scrollIntoView(true);
Without any arguments.</msg>
<status status="PASS" starttime="20260222 19:03:41.095" endtime="20260222 19:03:41.109"/>
</kw>
<kw name="Sleep" library="BuiltIn">
<arg>1s</arg>
<doc>Pauses the test executed for the given time.</doc>
<msg timestamp="20260222 19:03:42.110" level="INFO">Slept 1 second</msg>
<status status="PASS" starttime="20260222 19:03:41.109" endtime="20260222 19:03:42.110"/>
</kw>
<kw name="Clear Element Text" library="SeleniumLibrary">
<arg>css:input[type='number']</arg>
<doc>Clears the value of the text-input-element identified by ``locator``.</doc>
<status status="PASS" starttime="20260222 19:03:42.110" endtime="20260222 19:03:42.159"/>
</kw>
<kw name="Input Text" library="SeleniumLibrary">
<arg>css:input[type='number']</arg>
<arg>${quantity}</arg>
<doc>Types the given ``text`` into the text field identified by ``locator``.</doc>
<msg timestamp="20260222 19:03:42.160" level="INFO">Typing text '2' into text field 'css:input[type='number']'.</msg>
<status status="PASS" starttime="20260222 19:03:42.159" endtime="20260222 19:03:42.271"/>
</kw>
<kw name="Press Keys" library="SeleniumLibrary">
<arg>css:input[type='number']</arg>
<arg>ENTER</arg>
<doc>Simulates the user pressing key(s) to an element or on the active browser.</doc>
<msg timestamp="20260222 19:03:42.272" level="INFO">Sending key(s) ('ENTER',) to css:input[type='number'] element.</msg>
<msg timestamp="20260222 19:03:42.583" level="INFO">Pressing special key ENTER to element.</msg>
<msg timestamp="20260222 19:03:42.584" level="INFO">Releasing special key ENTER.</msg>
<status status="PASS" starttime="20260222 19:03:42.271" endtime="20260222 19:03:42.622"/>
</kw>
<status status="PASS" starttime="20260222 19:03:41.001" endtime="20260222 19:03:42.623"/>
</kw>
<kw name="Logout User" library="keywords">
<kw name="Execute Javascript" library="SeleniumLibrary">
<arg>document.querySelector("a[data-test='nav-menu']").click();</arg>
<doc>Executes the given JavaScript code with possible arguments.</doc>
<msg timestamp="20260222 19:03:42.627" level="INFO">Executing JavaScript:
document.querySelector("a[data-test='nav-menu']").click();
Without any arguments.</msg>
<status status="PASS" starttime="20260222 19:03:42.625" endtime="20260222 19:03:42.686"/>
</kw>
<kw name="Sleep" library="BuiltIn">
<arg>1s</arg>
<doc>Pauses the test executed for the given time.</doc>
<msg timestamp="20260222 19:03:43.687" level="INFO">Slept 1 second</msg>
<status status="PASS" starttime="20260222 19:03:42.687" endtime="20260222 19:03:43.688"/>
</kw>
<kw name="Execute Javascript" library="SeleniumLibrary">
<arg>document.querySelector("a[data-test='nav-sign-out']").click();</arg>
<doc>Executes the given JavaScript code with possible arguments.</doc>
<msg timestamp="20260222 19:03:43.691" level="INFO">Executing JavaScript:
document.querySelector("a[data-test='nav-sign-out']").click();
Without any arguments.</msg>
<status status="PASS" starttime="20260222 19:03:43.689" endtime="20260222 19:03:44.273"/>
</kw>
<kw name="Wait Until Element Is Visible" library="SeleniumLibrary">
<arg>css:a[data-test='nav-sign-in']</arg>
<arg>20s</arg>
<doc>Waits until the element ``locator`` is visible.</doc>
<status status="PASS" starttime="20260222 19:03:44.273" endtime="20260222 19:03:44.299"/>
</kw>
<status status="PASS" starttime="20260222 19:03:42.623" endtime="20260222 19:03:44.299"/>
</kw>
<kw name="Close Application" library="keywords">
<kw name="Close Browser" library="SeleniumLibrary">
<doc>Closes the current browser.</doc>
<status status="PASS" starttime="20260222 19:03:44.300" endtime="20260222 19:03:46.546"/>
</kw>
<status status="PASS" starttime="20260222 19:03:44.299" endtime="20260222 19:03:46.546"/>
</kw>
<status status="PASS" starttime="20260222 19:03:14.094" endtime="20260222 19:03:46.546"/>
</iter>
<iter>
<var name="${row}">['Suresh', 'Rao', 'Testingproject@123', '1999-05-10', '456 MG Road', '500001', 'Hyderabad', 'Telangana', 'India', '9123456789', 'hammer', '3']</var>
<kw name="Open Application" library="keywords">
<kw name="Open Browser" library="SeleniumLibrary">
<arg>${BASE_URL}</arg>
<arg>${BROWSER}</arg>
<doc>Opens a new browser instance to the optional ``url``.</doc>
<msg timestamp="20260222 19:03:46.548" level="INFO">Opening browser 'chrome' to base url 'https://practicesoftwaretesting.com/'.</msg>
<status status="PASS" starttime="20260222 19:03:46.547" endtime="20260222 19:03:50.842"/>
</kw>
<kw name="Maximize Browser Window" library="SeleniumLibrary">
<doc>Maximizes current browser window.</doc>
<status status="PASS" starttime="20260222 19:03:50.842" endtime="20260222 19:03:50.882"/>
</kw>
<status status="PASS" starttime="20260222 19:03:46.547" endtime="20260222 19:03:50.882"/>
</kw>
<kw name="Register User" library="keywords">
<arg>${row}[0]</arg>
<arg>${row}[1]</arg>
<arg>${row}[2]</arg>
<arg>${row}[3]</arg>
<arg>${row}[4]</arg>
<arg>${row}[5]</arg>
<arg>${row}[6]</arg>
<arg>${row}[7]</arg>
<arg>${row}[8]</arg>
<arg>${row}[9]</arg>
<kw name="Wait Until Element Is Visible" library="SeleniumLibrary">
<arg>css:a[data-test='nav-sign-in']</arg>
<arg>20s</arg>
<doc>Waits until the element ``locator`` is visible.</doc>
<status status="PASS" starttime="20260222 19:03:50.883" endtime="20260222 19:03:50.912"/>
</kw>
<kw name="Click Element" library="SeleniumLibrary">
<arg>css:a[data-test='nav-sign-in']</arg>
<doc>Click the element identified by ``locator``.</doc>
<msg timestamp="20260222 19:03:50.912" level="INFO">Clicking element 'css:a[data-test='nav-sign-in']'.</msg>
<status status="PASS" starttime="20260222 19:03:50.912" endtime="20260222 19:03:51.029"/>
</kw>
<kw name="Wait Until Element Is Visible" library="SeleniumLibrary">
<arg>xpath=//a[contains(text(),'Register your account')]</arg>
<arg>20s</arg>
<doc>Waits until the element ``locator`` is visible.</doc>
<status status="PASS" starttime="20260222 19:03:51.029" endtime="20260222 19:03:52.397"/>
</kw>
<kw name="Click Element" library="SeleniumLibrary">
<arg>xpath=//a[contains(text(),'Register your account')]</arg>
<doc>Click the element identified by ``locator``.</doc>
<msg timestamp="20260222 19:03:52.398" level="INFO">Clicking element 'xpath=//a[contains(text(),'Register your account')]'.</msg>
<status status="PASS" starttime="20260222 19:03:52.397" endtime="20260222 19:03:52.609"/>
</kw>
<kw name="Get Time" library="BuiltIn">
<var>${timestamp}</var>
<arg>epoch</arg>
<doc>Returns the given time in the requested format.</doc>
<msg timestamp="20260222 19:03:52.609" level="INFO">${timestamp} = 1771767232</msg>
<status status="PASS" starttime="20260222 19:03:52.609" endtime="20260222 19:03:52.610"/>
</kw>
<kw name="Catenate" library="BuiltIn">
<var>${EMAIL}</var>
<arg>${firstname}${timestamp}@example.com</arg>
<doc>Catenates the given items together and returns the resulted string.</doc>
<msg timestamp="20260222 19:03:52.610" level="INFO">${EMAIL} = Suresh1771767232@example.com</msg>
<status status="PASS" starttime="20260222 19:03:52.610" endtime="20260222 19:03:52.610"/>
</kw>
<kw name="Set Suite Variable" library="BuiltIn">
<arg>${EMAIL}</arg>
<doc>Makes a variable available everywhere within the scope of the current suite.</doc>
<msg timestamp="20260222 19:03:52.610" level="INFO">${EMAIL} = Suresh1771767232@example.com</msg>
<status status="PASS" starttime="20260222 19:03:52.610" endtime="20260222 19:03:52.611"/>
</kw>
<kw name="Set Suite Variable" library="BuiltIn">
<arg>${USER_PASSWORD}</arg>
<arg>${password}</arg>
<doc>Makes a variable available everywhere within the scope of the current suite.</doc>
<msg timestamp="20260222 19:03:52.611" level="INFO">${USER_PASSWORD} = Testingproject@123</msg>
<status status="PASS" starttime="20260222 19:03:52.611" endtime="20260222 19:03:52.611"/>
</kw>
<kw name="Wait Until Element Is Visible" library="SeleniumLibrary">
<arg>id:first_name</arg>
<arg>20s</arg>
<doc>Waits until the element ``locator`` is visible.</doc>
<status status="PASS" starttime="20260222 19:03:52.611" endtime="20260222 19:03:52.639"/>
</kw>
<kw name="Input Text" library="SeleniumLibrary">
<arg>id:first_name</arg>
<arg>${firstname}</arg>
<doc>Types the given ``text`` into the text field identified by ``locator``.</doc>
<msg timestamp="20260222 19:03:52.640" level="INFO">Typing text 'Suresh' into text field 'id:first_name'.</msg>
<status status="PASS" starttime="20260222 19:03:52.640" endtime="20260222 19:03:52.897"/>
</kw>
<kw name="Input Text" library="SeleniumLibrary">
<arg>id:last_name</arg>
<arg>${lastname}</arg>
<doc>Types the given ``text`` into the text field identified by ``locator``.</doc>
<msg timestamp="20260222 19:03:52.900" level="INFO">Typing text 'Rao' into text field 'id:last_name'.</msg>
<status status="PASS" starttime="20260222 19:03:52.898" endtime="20260222 19:03:53.149"/>
</kw>
<kw name="Input Text" library="SeleniumLibrary">
<arg>id:email</arg>
<arg>${EMAIL}</arg>
<doc>Types the given ``text`` into the text field identified by ``locator``.</doc>
<msg timestamp="20260222 19:03:53.151" level="INFO">Typing text 'Suresh1771767232@example.com' into text field 'id:email'.</msg>
<status status="PASS" starttime="20260222 19:03:53.150" endtime="20260222 19:03:53.475"/>
</kw>
<kw name="Input Text" library="SeleniumLibrary">
<arg>id:password</arg>
<arg>${password}</arg>
<doc>Types the given ``text`` into the text field identified by ``locator``.</doc>
<msg timestamp="20260222 19:03:53.476" level="INFO">Typing text 'Testingproject@123' into text field 'id:password'.</msg>
<status status="PASS" starttime="20260222 19:03:53.475" endtime="20260222 19:03:53.617"/>
</kw>
<kw name="Input Text" library="SeleniumLibrary">
<arg>id:dob</arg>
<arg>${dob}</arg>
<doc>Types the given ``text`` into the text field identified by ``locator``.</doc>
<msg timestamp="20260222 19:03:53.618" level="INFO">Typing text '1999-05-10' into text field 'id:dob'.</msg>
<status status="PASS" starttime="20260222 19:03:53.617" endtime="20260222 19:03:53.813"/>
</kw>
<kw name="Input Text" library="SeleniumLibrary">
<arg>id:street</arg>
<arg>${street}</arg>
<doc>Types the given ``text`` into the text field identified by ``locator``.</doc>
<msg timestamp="20260222 19:03:53.813" level="INFO">Typing text '456 MG Road' into text field 'id:street'.</msg>
<status status="PASS" starttime="20260222 19:03:53.813" endtime="20260222 19:03:54.042"/>
</kw>
<kw name="Input Text" library="SeleniumLibrary">
<arg>id:postal_code</arg>
<arg>${postal_code}</arg>
<doc>Types the given ``text`` into the text field identified by ``locator``.</doc>
<msg timestamp="20260222 19:03:54.043" level="INFO">Typing text '500001' into text field 'id:postal_code'.</msg>
<status status="PASS" starttime="20260222 19:03:54.042" endtime="20260222 19:03:54.227"/>
</kw>
<kw name="Input Text" library="SeleniumLibrary">
<arg>id:city</arg>
<arg>${city}</arg>
<doc>Types the given ``text`` into the text field identified by ``locator``.</doc>
<msg timestamp="20260222 19:03:54.228" level="INFO">Typing text 'Hyderabad' into text field 'id:city'.</msg>
<status status="PASS" starttime="20260222 19:03:54.227" endtime="20260222 19:03:54.364"/>
</kw>
<kw name="Input Text" library="SeleniumLibrary">
<arg>id:state</arg>
<arg>${state}</arg>
<doc>Types the given ``text`` into the text field identified by ``locator``.</doc>
<msg timestamp="20260222 19:03:54.365" level="INFO">Typing text 'Telangana' into text field 'id:state'.</msg>
<status status="PASS" starttime="20260222 19:03:54.364" endtime="20260222 19:03:54.481"/>
</kw>
<kw name="Select From List By Label" library="SeleniumLibrary">
<arg>id:country</arg>
<arg>${country}</arg>
<doc>Selects options from selection list ``locator`` by ``labels``.</doc>
<msg timestamp="20260222 19:03:54.482" level="INFO">Selecting options from selection list 'id:country' by label India.</msg>
<status status="PASS" starttime="20260222 19:03:54.481" endtime="20260222 19:03:54.688"/>
</kw>
<kw name="Input Text" library="SeleniumLibrary">
<arg>id:phone</arg>
<arg>${phone}</arg>
<doc>Types the given ``text`` into the text field identified by ``locator``.</doc>
<msg timestamp="20260222 19:03:54.689" level="INFO">Typing text '9123456789' into text field 'id:phone'.</msg>
<status status="PASS" starttime="20260222 19:03:54.688" endtime="20260222 19:03:54.867"/>
</kw>
<kw name="Click Button" library="SeleniumLibrary">
<arg>css:button[type='submit']</arg>
<doc>Clicks the button identified by ``locator``.</doc>
<msg timestamp="20260222 19:03:54.868" level="INFO">Clicking button 'css:button[type='submit']'.</msg>
<status status="PASS" starttime="20260222 19:03:54.867" endtime="20260222 19:03:55.010"/>
</kw>
<kw name="Wait Until Page Contains Element" library="SeleniumLibrary">
<arg>css:form[data-test='login-form']</arg>
<arg>20s</arg>
<doc>Waits until the element ``locator`` appears on the current page.</doc>
<status status="PASS" starttime="20260222 19:03:55.010" endtime="20260222 19:03:57.094"/>
</kw>
<status status="PASS" starttime="20260222 19:03:50.882" endtime="20260222 19:03:57.094"/>
</kw>
<kw name="Login User" library="keywords">
<kw name="Input Text" library="SeleniumLibrary">
<arg>id:email</arg>
<arg>${EMAIL}</arg>
<doc>Types the given ``text`` into the text field identified by ``locator``.</doc>
<msg timestamp="20260222 19:03:57.095" level="INFO">Typing text 'Suresh1771767232@example.com' into text field 'id:email'.</msg>
<status status="PASS" starttime="20260222 19:03:57.094" endtime="20260222 19:03:57.240"/>
</kw>
<kw name="Input Text" library="SeleniumLibrary">
<arg>id:password</arg>
<arg>${USER_PASSWORD}</arg>
<doc>Types the given ``text`` into the text field identified by ``locator``.</doc>
<msg timestamp="20260222 19:03:57.241" level="INFO">Typing text 'Testingproject@123' into text field 'id:password'.</msg>
<status status="PASS" starttime="20260222 19:03:57.240" endtime="20260222 19:03:57.412"/>
</kw>
<kw name="Click Button" library="SeleniumLibrary">
<arg>css:input[data-test='login-submit']</arg>
<doc>Clicks the button identified by ``locator``.</doc>
<msg timestamp="20260222 19:03:57.413" level="INFO">Clicking button 'css:input[data-test='login-submit']'.</msg>
<status status="PASS" starttime="20260222 19:03:57.412" endtime="20260222 19:03:57.631"/>
</kw>
<kw name="Wait Until Page Contains Element" library="SeleniumLibrary">
<arg>css:a[data-test='nav-menu']</arg>
<arg>20s</arg>
<doc>Waits until the element ``locator`` appears on the current page.</doc>
<status status="PASS" starttime="20260222 19:03:57.631" endtime="20260222 19:04:04.576"/>
</kw>
<status status="PASS" starttime="20260222 19:03:57.094" endtime="20260222 19:04:04.576"/>
</kw>
<kw name="Search And Add To Cart" library="keywords">
<arg>${row}[10]</arg>
<kw name="Go To" library="SeleniumLibrary">
<arg>${BASE_URL}</arg>
<doc>Navigates the current browser window to the provided ``url``.</doc>
<msg timestamp="20260222 19:04:04.579" level="INFO">Opening url 'https://practicesoftwaretesting.com/'</msg>
<status status="PASS" starttime="20260222 19:04:04.578" endtime="20260222 19:04:04.837"/>
</kw>
<kw name="Wait Until Element Is Visible" library="SeleniumLibrary">
<arg>css:input[data-test='search-query']</arg>
<arg>20s</arg>
<doc>Waits until the element ``locator`` is visible.</doc>
<status status="PASS" starttime="20260222 19:04:04.837" endtime="20260222 19:04:04.861"/>
</kw>
<kw name="Input Text" library="SeleniumLibrary">
<arg>css:input[data-test='search-query']</arg>
<arg>${product}</arg>
<doc>Types the given ``text`` into the text field identified by ``locator``.</doc>
<msg timestamp="20260222 19:04:04.862" level="INFO">Typing text 'hammer' into text field 'css:input[data-test='search-query']'.</msg>
<status status="PASS" starttime="20260222 19:04:04.861" endtime="20260222 19:04:05.055"/>
</kw>
<kw name="Click Button" library="SeleniumLibrary">
<arg>css:button[data-test='search-submit']</arg>
<doc>Clicks the button identified by ``locator``.</doc>
<msg timestamp="20260222 19:04:05.056" level="INFO">Clicking button 'css:button[data-test='search-submit']'.</msg>
<status status="PASS" starttime="20260222 19:04:05.055" endtime="20260222 19:04:05.262"/>
</kw>
<kw name="Wait Until Element Is Visible" library="SeleniumLibrary">
<arg>css:a.card</arg>
<arg>20s</arg>
<doc>Waits until the element ``locator`` is visible.</doc>
<status status="PASS" starttime="20260222 19:04:05.263" endtime="20260222 19:04:05.957"/>
</kw>
<kw name="Click Element" library="SeleniumLibrary">
<arg>css:a.card</arg>
<doc>Click the element identified by ``locator``.</doc>
<msg timestamp="20260222 19:04:05.958" level="INFO">Clicking element 'css:a.card'.</msg>
<status status="PASS" starttime="20260222 19:04:05.957" endtime="20260222 19:04:06.076"/>
</kw>
<kw name="Wait Until Element Is Visible" library="SeleniumLibrary">
<arg>css:button[data-test='add-to-cart']</arg>
<arg>20s</arg>
<doc>Waits until the element ``locator`` is visible.</doc>
<status status="PASS" starttime="20260222 19:04:06.076" endtime="20260222 19:04:07.885"/>
</kw>
<kw name="Click Button" library="SeleniumLibrary">
<arg>css:button[data-test='add-to-cart']</arg>
<doc>Clicks the button identified by ``locator``.</doc>
<msg timestamp="20260222 19:04:07.885" level="INFO">Clicking button 'css:button[data-test='add-to-cart']'.</msg>
<status status="PASS" starttime="20260222 19:04:07.885" endtime="20260222 19:04:07.998"/>
</kw>
<kw name="Wait Until Element Is Visible" library="SeleniumLibrary">
<arg>css:.ngx-toastr</arg>
<arg>10s</arg>
<doc>Waits until the element ``locator`` is visible.</doc>
<status status="PASS" starttime="20260222 19:04:07.998" endtime="20260222 19:04:11.400"/>
</kw>
<kw name="Wait Until Element Is Not Visible" library="SeleniumLibrary">
<arg>css:.ngx-toastr</arg>
<arg>20s</arg>
<doc>Waits until the element ``locator`` is not visible.</doc>
<status status="PASS" starttime="20260222 19:04:11.400" endtime="20260222 19:04:16.558"/>
</kw>
<status status="PASS" starttime="20260222 19:04:04.577" endtime="20260222 19:04:16.558"/>
</kw>
<kw name="Open Cart" library="keywords">
<kw name="Wait Until Element Is Visible" library="SeleniumLibrary">
<arg>css:a[data-test='nav-cart']</arg>
<arg>20s</arg>
<doc>Waits until the element ``locator`` is visible.</doc>
<status status="PASS" starttime="20260222 19:04:16.560" endtime="20260222 19:04:16.640"/>
</kw>
<kw name="Click Element" library="SeleniumLibrary">
<arg>css:a[data-test='nav-cart']</arg>
<doc>Click the element identified by ``locator``.</doc>
<msg timestamp="20260222 19:04:16.643" level="INFO">Clicking element 'css:a[data-test='nav-cart']'.</msg>
<status status="PASS" starttime="20260222 19:04:16.641" endtime="20260222 19:04:16.880"/>
</kw>
<kw name="Wait Until Location Contains" library="SeleniumLibrary">
<arg>checkout</arg>
<arg>20s</arg>
<doc>Waits until the current URL contains ``expected``.</doc>
<status status="PASS" starttime="20260222 19:04:16.881" endtime="20260222 19:04:18.255"/>
</kw>
<kw name="Wait Until Page Contains Element" library="SeleniumLibrary">
<arg>css:input[type='number']</arg>
<arg>20s</arg>
<doc>Waits until the element ``locator`` appears on the current page.</doc>
<status status="PASS" starttime="20260222 19:04:18.255" endtime="20260222 19:04:19.285"/>
</kw>
<status status="PASS" starttime="20260222 19:04:16.559" endtime="20260222 19:04:19.285"/>
</kw>
<kw name="Update Quantity" library="keywords">
<arg>${row}[11]</arg>
<kw name="Wait Until Element Is Visible" library="SeleniumLibrary">
<arg>css:input[type='number']</arg>
<arg>20s</arg>
<doc>Waits until the element ``locator`` is visible.</doc>
<status status="PASS" starttime="20260222 19:04:19.287" endtime="20260222 19:04:19.353"/>
</kw>
<kw name="Wait Until Element Is Enabled" library="SeleniumLibrary">
<arg>css:input[type='number']</arg>
<arg>20s</arg>
<doc>Waits until the element ``locator`` is enabled.</doc>
<status status="PASS" starttime="20260222 19:04:19.353" endtime="20260222 19:04:19.455"/>
</kw>
<kw name="Execute Javascript" library="SeleniumLibrary">
<arg>document.querySelector("input[type='number']").scrollIntoView(true);</arg>
<doc>Executes the given JavaScript code with possible arguments.</doc>
<msg timestamp="20260222 19:04:19.459" level="INFO">Executing JavaScript:
document.querySelector("input[type='number']").scrollIntoView(true);
Without any arguments.</msg>
<status status="PASS" starttime="20260222 19:04:19.456" endtime="20260222 19:04:19.485"/>
</kw>
<kw name="Sleep" library="BuiltIn">
<arg>1s</arg>
<doc>Pauses the test executed for the given time.</doc>
<msg timestamp="20260222 19:04:20.487" level="INFO">Slept 1 second</msg>
<status status="PASS" starttime="20260222 19:04:19.485" endtime="20260222 19:04:20.487"/>
</kw>
<kw name="Clear Element Text" library="SeleniumLibrary">
<arg>css:input[type='number']</arg>
<doc>Clears the value of the text-input-element identified by ``locator``.</doc>
<status status="PASS" starttime="20260222 19:04:20.488" endtime="20260222 19:04:20.681"/>
</kw>
<kw name="Input Text" library="SeleniumLibrary">
<arg>css:input[type='number']</arg>
<arg>${quantity}</arg>
<doc>Types the given ``text`` into the text field identified by ``locator``.</doc>
<msg timestamp="20260222 19:04:20.684" level="INFO">Typing text '3' into text field 'css:input[type='number']'.</msg>
<status status="PASS" starttime="20260222 19:04:20.681" endtime="20260222 19:04:21.080"/>
</kw>
<kw name="Press Keys" library="SeleniumLibrary">
<arg>css:input[type='number']</arg>
<arg>ENTER</arg>
<doc>Simulates the user pressing key(s) to an element or on the active browser.</doc>
<msg timestamp="20260222 19:04:21.083" level="INFO">Sending key(s) ('ENTER',) to css:input[type='number'] element.</msg>
<msg timestamp="20260222 19:04:21.458" level="INFO">Pressing special key ENTER to element.</msg>
<msg timestamp="20260222 19:04:21.459" level="INFO">Releasing special key ENTER.</msg>
<status status="PASS" starttime="20260222 19:04:21.080" endtime="20260222 19:04:21.492"/>
</kw>
<status status="PASS" starttime="20260222 19:04:19.285" endtime="20260222 19:04:21.492"/>
</kw>
<kw name="Logout User" library="keywords">
<kw name="Execute Javascript" library="SeleniumLibrary">
<arg>document.querySelector("a[data-test='nav-menu']").click();</arg>
<doc>Executes the given JavaScript code with possible arguments.</doc>
<msg timestamp="20260222 19:04:21.495" level="INFO">Executing JavaScript:
document.querySelector("a[data-test='nav-menu']").click();
Without any arguments.</msg>
<status status="PASS" starttime="20260222 19:04:21.493" endtime="20260222 19:04:21.558"/>
</kw>
<kw name="Sleep" library="BuiltIn">
<arg>1s</arg>
<doc>Pauses the test executed for the given time.</doc>
<msg timestamp="20260222 19:04:22.560" level="INFO">Slept 1 second</msg>
<status status="PASS" starttime="20260222 19:04:21.558" endtime="20260222 19:04:22.560"/>
</kw>
<kw name="Execute Javascript" library="SeleniumLibrary">
<arg>document.querySelector("a[data-test='nav-sign-out']").click();</arg>
<doc>Executes the given JavaScript code with possible arguments.</doc>
<msg timestamp="20260222 19:04:22.563" level="INFO">Executing JavaScript:
document.querySelector("a[data-test='nav-sign-out']").click();
Without any arguments.</msg>
<status status="PASS" starttime="20260222 19:04:22.561" endtime="20260222 19:04:23.412"/>
</kw>
<kw name="Wait Until Element Is Visible" library="SeleniumLibrary">
<arg>css:a[data-test='nav-sign-in']</arg>
<arg>20s</arg>
<doc>Waits until the element ``locator`` is visible.</doc>
<status status="PASS" starttime="20260222 19:04:23.412" endtime="20260222 19:04:23.443"/>
</kw>
<status status="PASS" starttime="20260222 19:04:21.493" endtime="20260222 19:04:23.443"/>
</kw>
<kw name="Close Application" library="keywords">
<kw name="Close Browser" library="SeleniumLibrary">
<doc>Closes the current browser.</doc>
<status status="PASS" starttime="20260222 19:04:23.444" endtime="20260222 19:04:25.717"/>
</kw>
<status status="PASS" starttime="20260222 19:04:23.444" endtime="20260222 19:04:25.718"/>
</kw>
<status status="PASS" starttime="20260222 19:03:46.547" endtime="20260222 19:04:25.718"/>
</iter>
<status status="PASS" starttime="20260222 19:03:14.094" endtime="20260222 19:04:25.718"/>
</for>
<status status="PASS" starttime="20260222 19:03:14.092" endtime="20260222 19:04:25.719"/>
</test>
<status status="PASS" starttime="20260222 19:03:13.668" endtime="20260222 19:04:25.724"/>
</suite>
<status status="PASS" starttime="20260222 19:03:13.666" endtime="20260222 19:04:25.730"/>
</suite>
<status status="PASS" starttime="20260222 19:03:13.627" endtime="20260222 19:04:25.735"/>
</suite>
<statistics>
<total>
<stat pass="1" fail="0" skip="0">All Tests</stat>
</total>
<tag>
</tag>
<suite>
<stat pass="1" fail="0" skip="0" id="s1" name="Robot Tests">Robot Tests</stat>
<stat pass="1" fail="0" skip="0" id="s1-s1" name="Tests">Robot Tests.Tests</stat>
<stat pass="1" fail="0" skip="0" id="s1-s1-s1" name="Register Login">Robot Tests.Tests.Register Login</stat>
</suite>
</statistics>
<errors>
</errors>
</robot>
