<?xml version="1.0" encoding="UTF-8"?>
<robot generator="Robot 7.4.1 (Python 3.13.4 on win32)" generated="2026-02-02T14:54:40.207951" rpa="false" schemaversion="5">
<suite id="s1" name="Simple Test" source="C:\Users\Mohan Reddy\OneDrive\Documents\WiproPreskilling\Day13\Lab Assessments\Question1\simple_test.robot">
<test id="s1-t1" name="Verify Page Title And Screenshot" line="10">
<kw name="Open Browser" owner="SeleniumLibrary">
<msg time="2026-02-02T14:54:40.498578" level="INFO">Opening browser 'chrome' to base url 'https://www.google.com'.</msg>
<arg>${URL}</arg>
<arg>${BROWSER}</arg>
<doc>Opens a new browser instance to the optional ``url``.</doc>
<status status="PASS" start="2026-02-02T14:54:40.498250" elapsed="4.665985"/>
</kw>
<kw name="Maximize Browser Window" owner="SeleniumLibrary">
<doc>Maximizes current browser window.</doc>
<status status="PASS" start="2026-02-02T14:54:45.166700" elapsed="0.068983"/>
</kw>
<kw name="Title Should Be" owner="SeleniumLibrary">
<msg time="2026-02-02T14:54:45.282668" level="INFO">Page title is 'Google'.</msg>
<arg>${TITLE}</arg>
<doc>Verifies that the current page title equals ``title``.</doc>
<status status="PASS" start="2026-02-02T14:54:45.236210" elapsed="0.046684"/>
</kw>
<kw name="Capture Page Screenshot" owner="SeleniumLibrary">
<msg time="2026-02-02T14:54:45.566533" level="INFO" html="true">&lt;/td&gt;&lt;/tr&gt;&lt;tr&gt;&lt;td colspan="3"&gt;&lt;a href="selenium-screenshot-1.png"&gt;&lt;img src="selenium-screenshot-1.png" width="800px"&gt;&lt;/a&gt;</msg>
<doc>Takes a screenshot of the current page and embeds it into a log file.</doc>
<status status="PASS" start="2026-02-02T14:54:45.283462" elapsed="0.283715"/>
</kw>
<kw name="Close Browser" owner="SeleniumLibrary">
<doc>Closes the current browser.</doc>
<status status="PASS" start="2026-02-02T14:54:45.568180" elapsed="2.504244"/>
</kw>
<status status="PASS" start="2026-02-02T14:54:40.496983" elapsed="7.575808"/>
</test>
<status status="PASS" start="2026-02-02T14:54:40.210182" elapsed="7.863477"/>
</suite>
<statistics>
<total>
<stat pass="1" fail="0" skip="0">All Tests</stat>
</total>
<tag>
</tag>
<suite>
<stat name="Simple Test" id="s1" pass="1" fail="0" skip="0">Simple Test</stat>
</suite>
</statistics>
<errors>
</errors>
</robot>
