<?xml version="1.0" encoding="UTF-8"?>
<robot generator="Robot 7.4.1 (Python 3.13.4 on win32)" generated="2026-02-11T17:27:37.487904" rpa="false" schemaversion="5">
<suite id="s1" name="Restaurant" source="C:\Users\Mohan Reddy\OneDrive\Documents\WiproPreskilling\foodie_app\robot_tests\restaurant.robot">
<test id="s1-t1" name="Create Restaurant" line="9">
<kw name="Create Session" owner="RequestsLibrary">
<msg time="2026-02-11T17:27:37.640120" level="INFO">Creating Session using : alias=foodie, url=http://127.0.0.1:5000, headers={},                     cookies={}, auth=None, timeout=None, proxies=None, verify=False,                     debug=0 </msg>
<arg>foodie</arg>
<arg>${BASE_URL}</arg>
<doc>Create Session: create a HTTP session to a server</doc>
<status status="PASS" start="2026-02-11T17:27:37.639907" elapsed="0.000426"/>
</kw>
<kw name="Create Dictionary" owner="BuiltIn">
<msg time="2026-02-11T17:27:37.641060" level="INFO">${body} = {'name': 'Robot Restaurant'}</msg>
<var>${body}</var>
<arg>name=Robot Restaurant</arg>
<doc>Creates and returns a dictionary based on the given ``items``.</doc>
<status status="PASS" start="2026-02-11T17:27:37.640620" elapsed="0.000471"/>
</kw>
<kw name="POST On Session" owner="RequestsLibrary">
<msg time="2026-02-11T17:27:37.646304" level="INFO">POST Request : url=http://127.0.0.1:5000/api/v1/restaurants 
 path_url=/api/v1/restaurants 
 headers={'User-Agent': 'python-requests/2.32.5', 'Accept-Encoding': 'gzip, deflate', 'Accept': '*/*', 'Connection': 'keep-alive', 'Content-Length': '28', 'Content-Type': 'application/json'} 
 body=b'{"name": "Robot Restaurant"}' 
 </msg>
<msg time="2026-02-11T17:27:37.646405" level="INFO">POST Response : url=http://127.0.0.1:5000/api/v1/restaurants 
 status=201, reason=CREATED 
 headers={'Server': 'Werkzeug/3.1.3 Python/3.13.4', 'Date': 'Wed, 11 Feb 2026 11:57:37 GMT', 'Content-Type': 'application/json', 'Content-Length': '159', 'Connection': 'close'} 
 body={
  "approved": false,
  "category": null,
  "contact": null,
  "dishes": [],
  "enabled": true,
  "id": 5,
  "location": null,
  "name": "Robot Restaurant"
}
 
 </msg>
<msg time="2026-02-11T17:27:37.646521" level="INFO">${response} = &lt;Response [201]&gt;</msg>
<var>${response}</var>
<arg>foodie</arg>
<arg>/api/v1/restaurants</arg>
<arg>json=${body}</arg>
<doc>Sends a POST request on a previously created HTTP Session.</doc>
<status status="PASS" start="2026-02-11T17:27:37.641311" elapsed="0.005236"/>
</kw>
<kw name="Should Be Equal As Integers" owner="BuiltIn">
<msg time="2026-02-11T17:27:37.647623" level="INFO">Argument types are:
&lt;class 'int'&gt;
&lt;class 'str'&gt;</msg>
<arg>${response.status_code}</arg>
<arg>201</arg>
<doc>Fails if objects are unequal after converting them to integers.</doc>
<status status="PASS" start="2026-02-11T17:27:37.646855" elapsed="0.000851"/>
</kw>
<status status="PASS" start="2026-02-11T17:27:37.638980" elapsed="0.009005"/>
</test>
<status status="PASS" start="2026-02-11T17:27:37.489581" elapsed="0.159148"/>
</suite>
<statistics>
<total>
<stat pass="1" fail="0" skip="0">All Tests</stat>
</total>
<tag>
</tag>
<suite>
<stat name="Restaurant" id="s1" pass="1" fail="0" skip="0">Restaurant</stat>
</suite>
</statistics>
<errors>
</errors>
</robot>
