<?xml version="1.0" encoding="UTF-8"?>
<robot generator="Robot 6.1.1 (Python 3.13.4 on win32)" generated="20260222 19:30:38.002" rpa="false" schemaversion="4">
<suite id="s1" name="Robot Tests" source="C:\Users\Mohan Reddy\OneDrive\Documents\capstone project\ecommerce-automation\robot_tests">
<suite id="s1-s1" name="Tests" source="C:\Users\Mohan Reddy\OneDrive\Documents\capstone project\ecommerce-automation\robot_tests\tests">
<suite id="s1-s1-s1" name="Register Login" source="C:\Users\Mohan Reddy\OneDrive\Documents\capstone project\ecommerce-automation\robot_tests\tests\register_login.robot">
<test id="s1-s1-s1-t1" name="Full User Journey From CSV" line="7">
<kw name="Read Csv File To List" library="CSVLibrary">
<var>${data}</var>
<arg>users.csv</arg>
<doc>Read CSV file and return its content as a Python list of tuples.</doc>
<msg timestamp="20260222 19:30:38.636" level="INFO">${data} = [['firstname', 'lastname', 'password', 'dob', 'street', 'postal_code', 'city', 'state', 'country', 'phone', 'product', 'quantity'], ['Ramesh', 'Kumar', 'Testingproject@123', '2000-01-01', '123 Market ...</msg>
<status status="PASS" starttime="20260222 19:30:38.635" endtime="20260222 19:30:38.636"/>
</kw>
<for flavor="IN">
<var>${row}</var>
<value>@{data}[1:]</value>
<iter>
<var name="${row}">['Ramesh', 'Kumar', 'Testingproject@123', '2000-01-01', '123 Market Street', '600002', 'Chennai', 'Tamil Nadu', 'India', '9876509876', 'pliers', '2']</var>
<kw name="Open Application" library="keywords">
<kw name="Open Browser" library="SeleniumLibrary">
<arg>${BASE_URL}</arg>
<arg>${BROWSER}</arg>
<doc>Opens a new browser instance to the optional ``url``.</doc>
<msg timestamp="20260222 19:30:38.638" level="INFO">Opening browser 'chrome' to base url 'https://practicesoftwaretesting.com/'.</msg>
<status status="PASS" starttime="20260222 19:30:38.638" endtime="20260222 19:30:41.570"/>
</kw>
<kw name="Maximize Browser Window" library="SeleniumLibrary">
<doc>Maximizes current browser window.</doc>
<status status="PASS" starttime="20260222 19:30:41.570" endtime="20260222 19:30:41.611"/>
</kw>
<status status="PASS" starttime="20260222 19:30:38.638" endtime="20260222 19:30:41.611"/>
</kw>
<kw name="Register User" library="keywords">
<arg>${row}[0]</arg>
<arg>${row}[1]</arg>
<arg>${row}[2]</arg>
<arg>${row}[3]</arg>
<arg>${row}[4]</arg>
<arg>${row}[5]</arg>
<arg>${row}[6]</arg>
<arg>${row}[7]</arg>
<arg>${row}[8]</arg>
<arg>${row}[9]</arg>
<kw name="Wait Until Element Is Visible" library="SeleniumLibrary">
<arg>css:a[data-test='nav-sign-in']</arg>
<arg>20s</arg>
<doc>Waits until the element ``locator`` is visible.</doc>
<status status="PASS" starttime="20260222 19:30:41.613" endtime="20260222 19:30:41.919"/>
</kw>
<kw name="Click Element" library="SeleniumLibrary">
<arg>css:a[data-test='nav-sign-in']</arg>
<doc>Click the element identified by ``locator``.</doc>
<msg timestamp="20260222 19:30:41.920" level="INFO">Clicking element 'css:a[data-test='nav-sign-in']'.</msg>
<status status="PASS" starttime="20260222 19:30:41.919" endtime="20260222 19:30:42.020"/>
</kw>
<kw name="Wait Until Element Is Visible" library="SeleniumLibrary">
<arg>xpath=//a[contains(text(),'Register your account')]</arg>
<arg>20s</arg>
<doc>Waits until the element ``locator`` is visible.</doc>
<status status="PASS" starttime="20260222 19:30:42.020" endtime="20260222 19:30:42.272"/>
</kw>
<kw name="Click Element" library="SeleniumLibrary">
<arg>xpath=//a[contains(text(),'Register your account')]</arg>
<doc>Click the element identified by ``locator``.</doc>
<msg timestamp="20260222 19:30:42.273" level="INFO">Clicking element 'xpath=//a[contains(text(),'Register your account')]'.</msg>
<status status="PASS" starttime="20260222 19:30:42.272" endtime="20260222 19:30:42.420"/>
</kw>
<kw name="Get Time" library="BuiltIn">
<var>${timestamp}</var>
<arg>epoch</arg>
<doc>Returns the given time in the requested format.</doc>
<msg timestamp="20260222 19:30:42.421" level="INFO">${timestamp} = 1771768842</msg>
<status status="PASS" starttime="20260222 19:30:42.421" endtime="20260222 19:30:42.421"/>
</kw>
<kw name="Catenate" library="BuiltIn">
<var>${EMAIL}</var>
<arg>${firstname}${timestamp}@example.com</arg>
<doc>Catenates the given items together and returns the resulted string.</doc>
<msg timestamp="20260222 19:30:42.421" level="INFO">${EMAIL} = Ramesh1771768842@example.com</msg>
<status status="PASS" starttime="20260222 19:30:42.421" endtime="20260222 19:30:42.421"/>
</kw>
<kw name="Set Suite Variable" library="BuiltIn">
<arg>${EMAIL}</arg>
<doc>Makes a variable available everywhere within the scope of the current suite.</doc>
<msg timestamp="20260222 19:30:42.422" level="INFO">${EMAIL} = Ramesh1771768842@example.com</msg>
<status status="PASS" starttime="20260222 19:30:42.422" endtime="20260222 19:30:42.422"/>
</kw>
<kw name="Set Suite Variable" library="BuiltIn">
<arg>${USER_PASSWORD}</arg>
<arg>${password}</arg>
<doc>Makes a variable available everywhere within the scope of the current suite.</doc>
<msg timestamp="20260222 19:30:42.424" level="INFO">${USER_PASSWORD} = Testingproject@123</msg>
<status status="PASS" starttime="20260222 19:30:42.422" endtime="20260222 19:30:42.424"/>
</kw>
<kw name="Wait Until Element Is Visible" library="SeleniumLibrary">
<arg>id:first_name</arg>
<arg>20s</arg>
<doc>Waits until the element ``locator`` is visible.</doc>
<status status="PASS" starttime="20260222 19:30:42.424" endtime="20260222 19:30:42.451"/>
</kw>
<kw name="Input Text" library="SeleniumLibrary">
<arg>id:first_name</arg>
<arg>${firstname}</arg>
<doc>Types the given ``text`` into the text field identified by ``locator``.</doc>
<msg timestamp="20260222 19:30:42.452" level="INFO">Typing text 'Ramesh' into text field 'id:first_name'.</msg>
<status status="PASS" starttime="20260222 19:30:42.451" endtime="20260222 19:30:42.631"/>
</kw>
<kw name="Input Text" library="SeleniumLibrary">
<arg>id:last_name</arg>
<arg>${lastname}</arg>
<doc>Types the given ``text`` into the text field identified by ``locator``.</doc>
<msg timestamp="20260222 19:30:42.632" level="INFO">Typing text 'Kumar' into text field 'id:last_name'.</msg>
<status status="PASS" starttime="20260222 19:30:42.631" endtime="20260222 19:30:42.835"/>
</kw>
<kw name="Input Text" library="SeleniumLibrary">
<arg>id:email</arg>
<arg>${EMAIL}</arg>
<doc>Types the given ``text`` into the text field identified by ``locator``.</doc>
<msg timestamp="20260222 19:30:42.836" level="INFO">Typing text 'Ramesh1771768842@example.com' into text field 'id:email'.</msg>
<status status="PASS" starttime="20260222 19:30:42.835" endtime="20260222 19:30:43.062"/>
</kw>
<kw name="Input Text" library="SeleniumLibrary">
<arg>id:password</arg>
<arg>${password}</arg>
<doc>Types the given ``text`` into the text field identified by ``locator``.</doc>
<msg timestamp="20260222 19:30:43.063" level="INFO">Typing text 'Testingproject@123' into text field 'id:password'.</msg>
<status status="PASS" starttime="20260222 19:30:43.063" endtime="20260222 19:30:43.253"/>
</kw>
<kw name="Input Text" library="SeleniumLibrary">
<arg>id:dob</arg>
<arg>${dob}</arg>
<doc>Types the given ``text`` into the text field identified by ``locator``.</doc>
<msg timestamp="20260222 19:30:43.254" level="INFO">Typing text '2000-01-01' into text field 'id:dob'.</msg>
<status status="PASS" starttime="20260222 19:30:43.253" endtime="20260222 19:30:43.415"/>
</kw>
<kw name="Input Text" library="SeleniumLibrary">
<arg>id:street</arg>
<arg>${street}</arg>
<doc>Types the given ``text`` into the text field identified by ``locator``.</doc>
<msg timestamp="20260222 19:30:43.416" level="INFO">Typing text '123 Market Street' into text field 'id:street'.</msg>
<status status="PASS" starttime="20260222 19:30:43.415" endtime="20260222 19:30:43.581"/>
</kw>
<kw name="Input Text" library="SeleniumLibrary">
<arg>id:postal_code</arg>
<arg>${postal_code}</arg>
<doc>Types the given ``text`` into the text field identified by ``locator``.</doc>
<msg timestamp="20260222 19:30:43.582" level="INFO">Typing text '600002' into text field 'id:postal_code'.</msg>
<status status="PASS" starttime="20260222 19:30:43.581" endtime="20260222 19:30:43.707"/>
</kw>
<kw name="Input Text" library="SeleniumLibrary">
<arg>id:city</arg>
<arg>${city}</arg>
<doc>Types the given ``text`` into the text field identified by ``locator``.</doc>
<msg timestamp="20260222 19:30:43.708" level="INFO">Typing text 'Chennai' into text field 'id:city'.</msg>
<status status="PASS" starttime="20260222 19:30:43.707" endtime="20260222 19:30:43.841"/>
</kw>
<kw name="Input Text" library="SeleniumLibrary">
<arg>id:state</arg>
<arg>${state}</arg>
<doc>Types the given ``text`` into the text field identified by ``locator``.</doc>
<msg timestamp="20260222 19:30:43.842" level="INFO">Typing text 'Tamil Nadu' into text field 'id:state'.</msg>
<status status="PASS" starttime="20260222 19:30:43.841" endtime="20260222 19:30:43.993"/>
</kw>
<kw name="Select From List By Label" library="SeleniumLibrary">
<arg>id:country</arg>
<arg>${country}</arg>
<doc>Selects options from selection list ``locator`` by ``labels``.</doc>
<msg timestamp="20260222 19:30:43.994" level="INFO">Selecting options from selection list 'id:country' by label India.</msg>
<status status="PASS" starttime="20260222 19:30:43.993" endtime="20260222 19:30:44.179"/>
</kw>
<kw name="Input Text" library="SeleniumLibrary">
<arg>id:phone</arg>
<arg>${phone}</arg>
<doc>Types the given ``text`` into the text field identified by ``locator``.</doc>
<msg timestamp="20260222 19:30:44.180" level="INFO">Typing text '9876509876' into text field 'id:phone'.</msg>
<status status="PASS" starttime="20260222 19:30:44.179" endtime="20260222 19:30:44.344"/>
</kw>
<kw name="Click Button" library="SeleniumLibrary">
<arg>css:button[type='submit']</arg>
<doc>Clicks the button identified by ``locator``.</doc>
<msg timestamp="20260222 19:30:44.345" level="INFO">Clicking button 'css:button[type='submit']'.</msg>
<status status="PASS" starttime="20260222 19:30:44.344" endtime="20260222 19:30:44.508"/>
</kw>
<kw name="Wait Until Page Contains Element" library="SeleniumLibrary">
<arg>css:form[data-test='login-form']</arg>
<arg>20s</arg>
<doc>Waits until the element ``locator`` appears on the current page.</doc>
<status status="PASS" starttime="20260222 19:30:44.508" endtime="20260222 19:30:46.669"/>
</kw>
<status status="PASS" starttime="20260222 19:30:41.612" endtime="20260222 19:30:46.669"/>
</kw>
<kw name="Login User" library="keywords">
<kw name="Input Text" library="SeleniumLibrary">
<arg>id:email</arg>
<arg>${EMAIL}</arg>
<doc>Types the given ``text`` into the text field identified by ``locator``.</doc>
<msg timestamp="20260222 19:30:46.670" level="INFO">Typing text 'Ramesh1771768842@example.com' into text field 'id:email'.</msg>
<status status="PASS" starttime="20260222 19:30:46.669" endtime="20260222 19:30:46.941"/>
</kw>
<kw name="Input Text" library="SeleniumLibrary">
<arg>id:password</arg>
<arg>${USER_PASSWORD}</arg>
<doc>Types the given ``text`` into the text field identified by ``locator``.</doc>
<msg timestamp="20260222 19:30:46.942" level="INFO">Typing text 'Testingproject@123' into text field 'id:password'.</msg>
<status status="PASS" starttime="20260222 19:30:46.942" endtime="20260222 19:30:47.048"/>
</kw>
<kw name="Click Button" library="SeleniumLibrary">
<arg>css:input[data-test='login-submit']</arg>
<doc>Clicks the button identified by ``locator``.</doc>
<msg timestamp="20260222 19:30:47.049" level="INFO">Clicking button 'css:input[data-test='login-submit']'.</msg>
<status status="PASS" starttime="20260222 19:30:47.048" endtime="20260222 19:30:47.159"/>
</kw>
<kw name="Wait Until Page Contains Element" library="SeleniumLibrary">
<arg>css:a[data-test='nav-menu']</arg>
<arg>20s</arg>
<doc>Waits until the element ``locator`` appears on the current page.</doc>
<status status="PASS" starttime="20260222 19:30:47.159" endtime="20260222 19:30:50.654"/>
</kw>
<status status="PASS" starttime="20260222 19:30:46.669" endtime="20260222 19:30:50.654"/>
</kw>
<kw name="Search And Add To Cart" library="keywords">
<arg>${row}[10]</arg>
<kw name="Go To" library="SeleniumLibrary">
<arg>${BASE_URL}</arg>
<doc>Navigates the current browser window to the provided ``url``.</doc>
<msg timestamp="20260222 19:30:50.655" level="INFO">Opening url 'https://practicesoftwaretesting.com/'</msg>
<status status="PASS" starttime="20260222 19:30:50.655" endtime="20260222 19:30:50.895"/>
</kw>
<kw name="Wait Until Element Is Visible" library="SeleniumLibrary">
<arg>css:input[data-test='search-query']</arg>
<arg>20s</arg>
<doc>Waits until the element ``locator`` is visible.</doc>
<status status="PASS" starttime="20260222 19:30:50.895" endtime="20260222 19:30:50.927"/>
</kw>
<kw name="Input Text" library="SeleniumLibrary">
<arg>css:input[data-test='search-query']</arg>
<arg>${product}</arg>
<doc>Types the given ``text`` into the text field identified by ``locator``.</doc>
<msg timestamp="20260222 19:30:50.928" level="INFO">Typing text 'pliers' into text field 'css:input[data-test='search-query']'.</msg>
<status status="PASS" starttime="20260222 19:30:50.928" endtime="20260222 19:30:51.147"/>
</kw>
<kw name="Click Button" library="SeleniumLibrary">
<arg>css:button[data-test='search-submit']</arg>
<doc>Clicks the button identified by ``locator``.</doc>
<msg timestamp="20260222 19:30:51.148" level="INFO">Clicking button 'css:button[data-test='search-submit']'.</msg>
<status status="PASS" starttime="20260222 19:30:51.148" endtime="20260222 19:30:51.355"/>
</kw>
<kw name="Wait Until Element Is Visible" library="SeleniumLibrary">
<arg>css:a.card</arg>
<arg>20s</arg>
<doc>Waits until the element ``locator`` is visible.</doc>
<status status="PASS" starttime="20260222 19:30:51.355" endtime="20260222 19:30:51.834"/>
</kw>
<kw name="Click Element" library="SeleniumLibrary">
<arg>css:a.card</arg>
<doc>Click the element identified by ``locator``.</doc>
<msg timestamp="20260222 19:30:51.834" level="INFO">Clicking element 'css:a.card'.</msg>
<status status="PASS" starttime="20260222 19:30:51.834" endtime="20260222 19:30:51.959"/>
</kw>
<kw name="Wait Until Element Is Visible" library="SeleniumLibrary">
<arg>css:button[data-test='add-to-cart']</arg>
<arg>20s</arg>
<doc>Waits until the element ``locator`` is visible.</doc>
<status status="PASS" starttime="20260222 19:30:51.959" endtime="20260222 19:30:53.128"/>
</kw>
<kw name="Click Button" library="SeleniumLibrary">
<arg>css:button[data-test='add-to-cart']</arg>
<doc>Clicks the button identified by ``locator``.</doc>
<msg timestamp="20260222 19:30:53.129" level="INFO">Clicking button 'css:button[data-test='add-to-cart']'.</msg>
<status status="PASS" starttime="20260222 19:30:53.128" endtime="20260222 19:30:53.282"/>
</kw>
<kw name="Wait Until Element Is Visible" library="SeleniumLibrary">
<arg>css:.ngx-toastr</arg>
<arg>10s</arg>
<doc>Waits until the element ``locator`` is visible.</doc>
<status status="PASS" starttime="20260222 19:30:53.282" endtime="20260222 19:30:55.685"/>
</kw>
<kw name="Wait Until Element Is Not Visible" library="SeleniumLibrary">
<arg>css:.ngx-toastr</arg>
<arg>20s</arg>
<doc>Waits until the element ``locator`` is not visible.</doc>
<status status="PASS" starttime="20260222 19:30:55.685" endtime="20260222 19:31:00.949"/>
</kw>
<status status="PASS" starttime="20260222 19:30:50.654" endtime="20260222 19:31:00.950"/>
</kw>
<kw name="Open Cart" library="keywords">
<kw name="Wait Until Element Is Visible" library="SeleniumLibrary">
<arg>css:a[data-test='nav-cart']</arg>
<arg>20s</arg>
<doc>Waits until the element ``locator`` is visible.</doc>
<status status="PASS" starttime="20260222 19:31:00.951" endtime="20260222 19:31:01.008"/>
</kw>
<kw name="Click Element" library="SeleniumLibrary">
<arg>css:a[data-test='nav-cart']</arg>
<doc>Click the element identified by ``locator``.</doc>
<msg timestamp="20260222 19:31:01.009" level="INFO">Clicking element 'css:a[data-test='nav-cart']'.</msg>
<status status="PASS" starttime="20260222 19:31:01.008" endtime="20260222 19:31:01.189"/>
</kw>
<kw name="Wait Until Location Contains" library="SeleniumLibrary">
<arg>checkout</arg>
<arg>20s</arg>
<doc>Waits until the current URL contains ``expected``.</doc>
<status status="PASS" starttime="20260222 19:31:01.189" endtime="20260222 19:31:01.415"/>
</kw>
<kw name="Wait Until Page Contains Element" library="SeleniumLibrary">
<arg>css:input[type='number']</arg>
<arg>20s</arg>
<doc>Waits until the element ``locator`` appears on the current page.</doc>
<status status="PASS" starttime="20260222 19:31:01.415" endtime="20260222 19:31:02.525"/>
</kw>
<status status="PASS" starttime="20260222 19:31:00.950" endtime="20260222 19:31:02.525"/>
</kw>
<kw name="Update Quantity" library="keywords">
<arg>${row}[11]</arg>
<kw name="Wait Until Element Is Visible" library="SeleniumLibrary">
<arg>css:input[type='number']</arg>
<arg>20s</arg>
<doc>Waits until the element ``locator`` is visible.</doc>
<status status="PASS" starttime="20260222 19:31:02.526" endtime="20260222 19:31:02.553"/>
</kw>
<kw name="Wait Until Element Is Enabled" library="SeleniumLibrary">
<arg>css:input[type='number']</arg>
<arg>20s</arg>
<doc>Waits until the element ``locator`` is enabled.</doc>
<status status="PASS" starttime="20260222 19:31:02.553" endtime="20260222 19:31:02.587"/>
</kw>
<kw name="Execute Javascript" library="SeleniumLibrary">
<arg>document.querySelector("input[type='number']").scrollIntoView(true);</arg>
<doc>Executes the given JavaScript code with possible arguments.</doc>
<msg timestamp="20260222 19:31:02.589" level="INFO">Executing JavaScript:
document.querySelector("input[type='number']").scrollIntoView(true);
Without any arguments.</msg>
<status status="PASS" starttime="20260222 19:31:02.588" endtime="20260222 19:31:02.603"/>
</kw>
<kw name="Sleep" library="BuiltIn">
<arg>1s</arg>
<doc>Pauses the test executed for the given time.</doc>
<msg timestamp="20260222 19:31:03.604" level="INFO">Slept 1 second</msg>
<status status="PASS" starttime="20260222 19:31:02.603" endtime="20260222 19:31:03.604"/>
</kw>
<kw name="Clear Element Text" library="SeleniumLibrary">
<arg>css:input[type='number']</arg>
<doc>Clears the value of the text-input-element identified by ``locator``.</doc>
<status status="PASS" starttime="20260222 19:31:03.604" endtime="20260222 19:31:03.665"/>
</kw>
<kw name="Input Text" library="SeleniumLibrary">
<arg>css:input[type='number']</arg>
<arg>${quantity}</arg>
<doc>Types the given ``text`` into the text field identified by ``locator``.</doc>
<msg timestamp="20260222 19:31:03.666" level="INFO">Typing text '2' into text field 'css:input[type='number']'.</msg>
<status status="PASS" starttime="20260222 19:31:03.665" endtime="20260222 19:31:03.840"/>
</kw>
<kw name="Press Keys" library="SeleniumLibrary">
<arg>css:input[type='number']</arg>
<arg>ENTER</arg>
<doc>Simulates the user pressing key(s) to an element or on the active browser.</doc>
<msg timestamp="20260222 19:31:03.845" level="INFO">Sending key(s) ('ENTER',) to css:input[type='number'] element.</msg>
<msg timestamp="20260222 19:31:04.157" level="INFO">Pressing special key ENTER to element.</msg>
<msg timestamp="20260222 19:31:04.157" level="INFO">Releasing special key ENTER.</msg>
<status status="PASS" starttime="20260222 19:31:03.842" endtime="20260222 19:31:04.178"/>
</kw>
<status status="PASS" starttime="20260222 19:31:02.525" endtime="20260222 19:31:04.178"/>
</kw>
<kw name="Logout User" library="keywords">
<kw name="Execute Javascript" library="SeleniumLibrary">
<arg>document.querySelector("a[data-test='nav-menu']").click();</arg>
<doc>Executes the given JavaScript code with possible arguments.</doc>
<msg timestamp="20260222 19:31:04.180" level="INFO">Executing JavaScript:
document.querySelector("a[data-test='nav-menu']").click();
Without any arguments.</msg>
<status status="PASS" starttime="20260222 19:31:04.179" endtime="20260222 19:31:04.218"/>
</kw>
<kw name="Sleep" library="BuiltIn">
<arg>1s</arg>
<doc>Pauses the test executed for the given time.</doc>
<msg timestamp="20260222 19:31:05.219" level="INFO">Slept 1 second</msg>
<status status="PASS" starttime="20260222 19:31:04.218" endtime="20260222 19:31:05.219"/>
</kw>
<kw name="Execute Javascript" library="SeleniumLibrary">
<arg>document.querySelector("a[data-test='nav-sign-out']").click();</arg>
<doc>Executes the given JavaScript code with possible arguments.</doc>
<msg timestamp="20260222 19:31:05.221" level="INFO">Executing JavaScript:
document.querySelector("a[data-test='nav-sign-out']").click();
Without any arguments.</msg>
<status status="PASS" starttime="20260222 19:31:05.219" endtime="20260222 19:31:06.309"/>
</kw>
<kw name="Wait Until Element Is Visible" library="SeleniumLibrary">
<arg>css:a[data-test='nav-sign-in']</arg>
<arg>20s</arg>
<doc>Waits until the element ``locator`` is visible.</doc>
<status status="PASS" starttime="20260222 19:31:06.309" endtime="20260222 19:31:06.352"/>
</kw>
<status status="PASS" starttime="20260222 19:31:04.179" endtime="20260222 19:31:06.352"/>
</kw>
<kw name="Close Application" library="keywords">
<kw name="Close Browser" library="SeleniumLibrary">
<doc>Closes the current browser.</doc>
<status status="PASS" starttime="20260222 19:31:06.352" endtime="20260222 19:31:08.845"/>
</kw>
<status status="PASS" starttime="20260222 19:31:06.352" endtime="20260222 19:31:08.845"/>
</kw>
<status status="PASS" starttime="20260222 19:30:38.637" endtime="20260222 19:31:08.845"/>
</iter>
<iter>
<var name="${row}">['Suresh', 'Rao', 'Testingproject@123', '1999-05-10', '456 MG Road', '500001', 'Hyderabad', 'Telangana', 'India', '9123456789', 'hammer', '3']</var>
<kw name="Open Application" library="keywords">
<kw name="Open Browser" library="SeleniumLibrary">
<arg>${BASE_URL}</arg>
<arg>${BROWSER}</arg>
<doc>Opens a new browser instance to the optional ``url``.</doc>
<msg timestamp="20260222 19:31:08.847" level="INFO">Opening browser 'chrome' to base url 'https://practicesoftwaretesting.com/'.</msg>
<status status="PASS" starttime="20260222 19:31:08.846" endtime="20260222 19:31:11.300"/>
</kw>
<kw name="Maximize Browser Window" library="SeleniumLibrary">
<doc>Maximizes current browser window.</doc>
<status status="PASS" starttime="20260222 19:31:11.300" endtime="20260222 19:31:11.341"/>
</kw>
<status status="PASS" starttime="20260222 19:31:08.845" endtime="20260222 19:31:11.341"/>
</kw>
<kw name="Register User" library="keywords">
<arg>${row}[0]</arg>
<arg>${row}[1]</arg>
<arg>${row}[2]</arg>
<arg>${row}[3]</arg>
<arg>${row}[4]</arg>
<arg>${row}[5]</arg>
<arg>${row}[6]</arg>
<arg>${row}[7]</arg>
<arg>${row}[8]</arg>
<arg>${row}[9]</arg>
<kw name="Wait Until Element Is Visible" library="SeleniumLibrary">
<arg>css:a[data-test='nav-sign-in']</arg>
<arg>20s</arg>
<doc>Waits until the element ``locator`` is visible.</doc>
<status status="PASS" starttime="20260222 19:31:11.342" endtime="20260222 19:31:11.661"/>
</kw>
<kw name="Click Element" library="SeleniumLibrary">
<arg>css:a[data-test='nav-sign-in']</arg>
<doc>Click the element identified by ``locator``.</doc>
<msg timestamp="20260222 19:31:11.662" level="INFO">Clicking element 'css:a[data-test='nav-sign-in']'.</msg>
<status status="PASS" starttime="20260222 19:31:11.661" endtime="20260222 19:31:11.789"/>
</kw>
<kw name="Wait Until Element Is Visible" library="SeleniumLibrary">
<arg>xpath=//a[contains(text(),'Register your account')]</arg>
<arg>20s</arg>
<doc>Waits until the element ``locator`` is visible.</doc>
<status status="PASS" starttime="20260222 19:31:11.789" endtime="20260222 19:31:12.062"/>
</kw>
<kw name="Click Element" library="SeleniumLibrary">
<arg>xpath=//a[contains(text(),'Register your account')]</arg>
<doc>Click the element identified by ``locator``.</doc>
<msg timestamp="20260222 19:31:12.063" level="INFO">Clicking element 'xpath=//a[contains(text(),'Register your account')]'.</msg>
<status status="PASS" starttime="20260222 19:31:12.062" endtime="20260222 19:31:12.235"/>
</kw>
<kw name="Get Time" library="BuiltIn">
<var>${timestamp}</var>
<arg>epoch</arg>
<doc>Returns the given time in the requested format.</doc>
<msg timestamp="20260222 19:31:12.235" level="INFO">${timestamp} = 1771768872</msg>
<status status="PASS" starttime="20260222 19:31:12.235" endtime="20260222 19:31:12.235"/>
</kw>
<kw name="Catenate" library="BuiltIn">
<var>${EMAIL}</var>
<arg>${firstname}${timestamp}@example.com</arg>
<doc>Catenates the given items together and returns the resulted string.</doc>
<msg timestamp="20260222 19:31:12.236" level="INFO">${EMAIL} = Suresh1771768872@example.com</msg>
<status status="PASS" starttime="20260222 19:31:12.235" endtime="20260222 19:31:12.236"/>
</kw>
<kw name="Set Suite Variable" library="BuiltIn">
<arg>${EMAIL}</arg>
<doc>Makes a variable available everywhere within the scope of the current suite.</doc>
<msg timestamp="20260222 19:31:12.236" level="INFO">${EMAIL} = Suresh1771768872@example.com</msg>
<status status="PASS" starttime="20260222 19:31:12.236" endtime="20260222 19:31:12.236"/>
</kw>
<kw name="Set Suite Variable" library="BuiltIn">
<arg>${USER_PASSWORD}</arg>
<arg>${password}</arg>
<doc>Makes a variable available everywhere within the scope of the current suite.</doc>
<msg timestamp="20260222 19:31:12.237" level="INFO">${USER_PASSWORD} = Testingproject@123</msg>
<status status="PASS" starttime="20260222 19:31:12.237" endtime="20260222 19:31:12.237"/>
</kw>
<kw name="Wait Until Element Is Visible" library="SeleniumLibrary">
<arg>id:first_name</arg>
<arg>20s</arg>
<doc>Waits until the element ``locator`` is visible.</doc>
<status status="PASS" starttime="20260222 19:31:12.237" endtime="20260222 19:31:12.269"/>
</kw>
<kw name="Input Text" library="SeleniumLibrary">
<arg>id:first_name</arg>
<arg>${firstname}</arg>
<doc>Types the given ``text`` into the text field identified by ``locator``.</doc>
<msg timestamp="20260222 19:31:12.270" level="INFO">Typing text 'Suresh' into text field 'id:first_name'.</msg>
<status status="PASS" starttime="20260222 19:31:12.269" endtime="20260222 19:31:12.442"/>
</kw>
<kw name="Input Text" library="SeleniumLibrary">
<arg>id:last_name</arg>
<arg>${lastname}</arg>
<doc>Types the given ``text`` into the text field identified by ``locator``.</doc>
<msg timestamp="20260222 19:31:12.443" level="INFO">Typing text 'Rao' into text field 'id:last_name'.</msg>
<status status="PASS" starttime="20260222 19:31:12.442" endtime="20260222 19:31:12.657"/>
</kw>
<kw name="Input Text" library="SeleniumLibrary">
<arg>id:email</arg>
<arg>${EMAIL}</arg>
<doc>Types the given ``text`` into the text field identified by ``locator``.</doc>
<msg timestamp="20260222 19:31:12.659" level="INFO">Typing text 'Suresh1771768872@example.com' into text field 'id:email'.</msg>
<status status="PASS" starttime="20260222 19:31:12.657" endtime="20260222 19:31:12.865"/>
</kw>
<kw name="Input Text" library="SeleniumLibrary">
<arg>id:password</arg>
<arg>${password}</arg>
<doc>Types the given ``text`` into the text field identified by ``locator``.</doc>
<msg timestamp="20260222 19:31:12.866" level="INFO">Typing text 'Testingproject@123' into text field 'id:password'.</msg>
<status status="PASS" starttime="20260222 19:31:12.865" endtime="20260222 19:31:13.072"/>
</kw>
<kw name="Input Text" library="SeleniumLibrary">
<arg>id:dob</arg>
<arg>${dob}</arg>
<doc>Types the given ``text`` into the text field identified by ``locator``.</doc>
<msg timestamp="20260222 19:31:13.073" level="INFO">Typing text '1999-05-10' into text field 'id:dob'.</msg>
<status status="PASS" starttime="20260222 19:31:13.072" endtime="20260222 19:31:13.230"/>
</kw>
<kw name="Input Text" library="SeleniumLibrary">
<arg>id:street</arg>
<arg>${street}</arg>
<doc>Types the given ``text`` into the text field identified by ``locator``.</doc>
<msg timestamp="20260222 19:31:13.231" level="INFO">Typing text '456 MG Road' into text field 'id:street'.</msg>
<status status="PASS" starttime="20260222 19:31:13.230" endtime="20260222 19:31:13.462"/>
</kw>
<kw name="Input Text" library="SeleniumLibrary">
<arg>id:postal_code</arg>
<arg>${postal_code}</arg>
<doc>Types the given ``text`` into the text field identified by ``locator``.</doc>
<msg timestamp="20260222 19:31:13.463" level="INFO">Typing text '500001' into text field 'id:postal_code'.</msg>
<status status="PASS" starttime="20260222 19:31:13.462" endtime="20260222 19:31:13.617"/>
</kw>
<kw name="Input Text" library="SeleniumLibrary">
<arg>id:city</arg>
<arg>${city}</arg>
<doc>Types the given ``text`` into the text field identified by ``locator``.</doc>
<msg timestamp="20260222 19:31:13.618" level="INFO">Typing text 'Hyderabad' into text field 'id:city'.</msg>
<status status="PASS" starttime="20260222 19:31:13.617" endtime="20260222 19:31:13.788"/>
</kw>
<kw name="Input Text" library="SeleniumLibrary">
<arg>id:state</arg>
<arg>${state}</arg>
<doc>Types the given ``text`` into the text field identified by ``locator``.</doc>
<msg timestamp="20260222 19:31:13.789" level="INFO">Typing text 'Telangana' into text field 'id:state'.</msg>
<status status="PASS" starttime="20260222 19:31:13.788" endtime="20260222 19:31:13.991"/>
</kw>
<kw name="Select From List By Label" library="SeleniumLibrary">
<arg>id:country</arg>
<arg>${country}</arg>
<doc>Selects options from selection list ``locator`` by ``labels``.</doc>
<msg timestamp="20260222 19:31:13.991" level="INFO">Selecting options from selection list 'id:country' by label India.</msg>
<status status="PASS" starttime="20260222 19:31:13.991" endtime="20260222 19:31:14.220"/>
</kw>
<kw name="Input Text" library="SeleniumLibrary">
<arg>id:phone</arg>
<arg>${phone}</arg>
<doc>Types the given ``text`` into the text field identified by ``locator``.</doc>
<msg timestamp="20260222 19:31:14.221" level="INFO">Typing text '9123456789' into text field 'id:phone'.</msg>
<status status="PASS" starttime="20260222 19:31:14.220" endtime="20260222 19:31:14.352"/>
</kw>
<kw name="Click Button" library="SeleniumLibrary">
<arg>css:button[type='submit']</arg>
<doc>Clicks the button identified by ``locator``.</doc>
<msg timestamp="20260222 19:31:14.353" level="INFO">Clicking button 'css:button[type='submit']'.</msg>
<status status="PASS" starttime="20260222 19:31:14.352" endtime="20260222 19:31:14.579"/>
</kw>
<kw name="Wait Until Page Contains Element" library="SeleniumLibrary">
<arg>css:form[data-test='login-form']</arg>
<arg>20s</arg>
<doc>Waits until the element ``locator`` appears on the current page.</doc>
<status status="PASS" starttime="20260222 19:31:14.579" endtime="20260222 19:31:17.308"/>
</kw>
<status status="PASS" starttime="20260222 19:31:11.341" endtime="20260222 19:31:17.309"/>
</kw>
<kw name="Login User" library="keywords">
<kw name="Input Text" library="SeleniumLibrary">
<arg>id:email</arg>
<arg>${EMAIL}</arg>
<doc>Types the given ``text`` into the text field identified by ``locator``.</doc>
<msg timestamp="20260222 19:31:17.310" level="INFO">Typing text 'Suresh1771768872@example.com' into text field 'id:email'.</msg>
<status status="PASS" starttime="20260222 19:31:17.309" endtime="20260222 19:31:17.667"/>
</kw>
<kw name="Input Text" library="SeleniumLibrary">
<arg>id:password</arg>
<arg>${USER_PASSWORD}</arg>
<doc>Types the given ``text`` into the text field identified by ``locator``.</doc>
<msg timestamp="20260222 19:31:17.668" level="INFO">Typing text 'Testingproject@123' into text field 'id:password'.</msg>
<status status="PASS" starttime="20260222 19:31:17.667" endtime="20260222 19:31:17.843"/>
</kw>
<kw name="Click Button" library="SeleniumLibrary">
<arg>css:input[data-test='login-submit']</arg>
<doc>Clicks the button identified by ``locator``.</doc>
<msg timestamp="20260222 19:31:17.844" level="INFO">Clicking button 'css:input[data-test='login-submit']'.</msg>
<status status="PASS" starttime="20260222 19:31:17.844" endtime="20260222 19:31:18.030"/>
</kw>
<kw name="Wait Until Page Contains Element" library="SeleniumLibrary">
<arg>css:a[data-test='nav-menu']</arg>
<arg>20s</arg>
<doc>Waits until the element ``locator`` appears on the current page.</doc>
<status status="PASS" starttime="20260222 19:31:18.030" endtime="20260222 19:31:22.258"/>
</kw>
<status status="PASS" starttime="20260222 19:31:17.309" endtime="20260222 19:31:22.258"/>
</kw>
<kw name="Search And Add To Cart" library="keywords">
<arg>${row}[10]</arg>
<kw name="Go To" library="SeleniumLibrary">
<arg>${BASE_URL}</arg>
<doc>Navigates the current browser window to the provided ``url``.</doc>
<msg timestamp="20260222 19:31:22.260" level="INFO">Opening url 'https://practicesoftwaretesting.com/'</msg>
<status status="PASS" starttime="20260222 19:31:22.260" endtime="20260222 19:31:22.542"/>
</kw>
<kw name="Wait Until Element Is Visible" library="SeleniumLibrary">
<arg>css:input[data-test='search-query']</arg>
<arg>20s</arg>
<doc>Waits until the element ``locator`` is visible.</doc>
<status status="PASS" starttime="20260222 19:31:22.543" endtime="20260222 19:31:22.584"/>
</kw>
<kw name="Input Text" library="SeleniumLibrary">
<arg>css:input[data-test='search-query']</arg>
<arg>${product}</arg>
<doc>Types the given ``text`` into the text field identified by ``locator``.</doc>
<msg timestamp="20260222 19:31:22.585" level="INFO">Typing text 'hammer' into text field 'css:input[data-test='search-query']'.</msg>
<status status="PASS" starttime="20260222 19:31:22.584" endtime="20260222 19:31:22.827"/>
</kw>
<kw name="Click Button" library="SeleniumLibrary">
<arg>css:button[data-test='search-submit']</arg>
<doc>Clicks the button identified by ``locator``.</doc>
<msg timestamp="20260222 19:31:22.828" level="INFO">Clicking button 'css:button[data-test='search-submit']'.</msg>
<status status="PASS" starttime="20260222 19:31:22.828" endtime="20260222 19:31:22.938"/>
</kw>
<kw name="Wait Until Element Is Visible" library="SeleniumLibrary">
<arg>css:a.card</arg>
<arg>20s</arg>
<doc>Waits until the element ``locator`` is visible.</doc>
<status status="PASS" starttime="20260222 19:31:22.939" endtime="20260222 19:31:24.294"/>
</kw>
<kw name="Click Element" library="SeleniumLibrary">
<arg>css:a.card</arg>
<doc>Click the element identified by ``locator``.</doc>
<msg timestamp="20260222 19:31:24.295" level="INFO">Clicking element 'css:a.card'.</msg>
<status status="PASS" starttime="20260222 19:31:24.295" endtime="20260222 19:31:24.411"/>
</kw>
<kw name="Wait Until Element Is Visible" library="SeleniumLibrary">
<arg>css:button[data-test='add-to-cart']</arg>
<arg>20s</arg>
<doc>Waits until the element ``locator`` is visible.</doc>
<status status="PASS" starttime="20260222 19:31:24.411" endtime="20260222 19:31:25.702"/>
</kw>
<kw name="Click Button" library="SeleniumLibrary">
<arg>css:button[data-test='add-to-cart']</arg>
<doc>Clicks the button identified by ``locator``.</doc>
<msg timestamp="20260222 19:31:25.702" level="INFO">Clicking button 'css:button[data-test='add-to-cart']'.</msg>
<status status="PASS" starttime="20260222 19:31:25.702" endtime="20260222 19:31:25.830"/>
</kw>
<kw name="Wait Until Element Is Visible" library="SeleniumLibrary">
<arg>css:.ngx-toastr</arg>
<arg>10s</arg>
<doc>Waits until the element ``locator`` is visible.</doc>
<status status="PASS" starttime="20260222 19:31:25.830" endtime="20260222 19:31:28.597"/>
</kw>
<kw name="Wait Until Element Is Not Visible" library="SeleniumLibrary">
<arg>css:.ngx-toastr</arg>
<arg>20s</arg>
<doc>Waits until the element ``locator`` is not visible.</doc>
<status status="PASS" starttime="20260222 19:31:28.597" endtime="20260222 19:31:33.748"/>
</kw>
<status status="PASS" starttime="20260222 19:31:22.259" endtime="20260222 19:31:33.748"/>
</kw>
<kw name="Open Cart" library="keywords">
<kw name="Wait Until Element Is Visible" library="SeleniumLibrary">
<arg>css:a[data-test='nav-cart']</arg>
<arg>20s</arg>
<doc>Waits until the element ``locator`` is visible.</doc>
<status status="PASS" starttime="20260222 19:31:33.749" endtime="20260222 19:31:33.796"/>
</kw>
<kw name="Click Element" library="SeleniumLibrary">
<arg>css:a[data-test='nav-cart']</arg>
<doc>Click the element identified by ``locator``.</doc>
<msg timestamp="20260222 19:31:33.798" level="INFO">Clicking element 'css:a[data-test='nav-cart']'.</msg>
<status status="PASS" starttime="20260222 19:31:33.796" endtime="20260222 19:31:33.961"/>
</kw>
<kw name="Wait Until Location Contains" library="SeleniumLibrary">
<arg>checkout</arg>
<arg>20s</arg>
<doc>Waits until the current URL contains ``expected``.</doc>
<status status="PASS" starttime="20260222 19:31:33.961" endtime="20260222 19:31:34.187"/>
</kw>
<kw name="Wait Until Page Contains Element" library="SeleniumLibrary">
<arg>css:input[type='number']</arg>
<arg>20s</arg>
<doc>Waits until the element ``locator`` appears on the current page.</doc>
<status status="PASS" starttime="20260222 19:31:34.188" endtime="20260222 19:31:35.312"/>
</kw>
<status status="PASS" starttime="20260222 19:31:33.748" endtime="20260222 19:31:35.312"/>
</kw>
<kw name="Update Quantity" library="keywords">
<arg>${row}[11]</arg>
<kw name="Wait Until Element Is Visible" library="SeleniumLibrary">
<arg>css:input[type='number']</arg>
<arg>20s</arg>
<doc>Waits until the element ``locator`` is visible.</doc>
<status status="PASS" starttime="20260222 19:31:35.313" endtime="20260222 19:31:35.353"/>
</kw>
<kw name="Wait Until Element Is Enabled" library="SeleniumLibrary">
<arg>css:input[type='number']</arg>
<arg>20s</arg>
<doc>Waits until the element ``locator`` is enabled.</doc>
<status status="PASS" starttime="20260222 19:31:35.353" endtime="20260222 19:31:35.409"/>
</kw>
<kw name="Execute Javascript" library="SeleniumLibrary">
<arg>document.querySelector("input[type='number']").scrollIntoView(true);</arg>
<doc>Executes the given JavaScript code with possible arguments.</doc>
<msg timestamp="20260222 19:31:35.410" level="INFO">Executing JavaScript:
document.querySelector("input[type='number']").scrollIntoView(true);
Without any arguments.</msg>
<status status="PASS" starttime="20260222 19:31:35.409" endtime="20260222 19:31:35.425"/>
</kw>
<kw name="Sleep" library="BuiltIn">
<arg>1s</arg>
<doc>Pauses the test executed for the given time.</doc>
<msg timestamp="20260222 19:31:36.426" level="INFO">Slept 1 second</msg>
<status status="PASS" starttime="20260222 19:31:35.425" endtime="20260222 19:31:36.426"/>
</kw>
<kw name="Clear Element Text" library="SeleniumLibrary">
<arg>css:input[type='number']</arg>
<doc>Clears the value of the text-input-element identified by ``locator``.</doc>
<status status="PASS" starttime="20260222 19:31:36.426" endtime="20260222 19:31:36.527"/>
</kw>
<kw name="Input Text" library="SeleniumLibrary">
<arg>css:input[type='number']</arg>
<arg>${quantity}</arg>
<doc>Types the given ``text`` into the text field identified by ``locator``.</doc>
<msg timestamp="20260222 19:31:36.528" level="INFO">Typing text '3' into text field 'css:input[type='number']'.</msg>
<status status="PASS" starttime="20260222 19:31:36.527" endtime="20260222 19:31:36.713"/>
</kw>
<kw name="Press Keys" library="SeleniumLibrary">
<arg>css:input[type='number']</arg>
<arg>ENTER</arg>
<doc>Simulates the user pressing key(s) to an element or on the active browser.</doc>
<msg timestamp="20260222 19:31:36.715" level="INFO">Sending key(s) ('ENTER',) to css:input[type='number'] element.</msg>
<msg timestamp="20260222 19:31:37.017" level="INFO">Pressing special key ENTER to element.</msg>
<msg timestamp="20260222 19:31:37.017" level="INFO">Releasing special key ENTER.</msg>
<status status="PASS" starttime="20260222 19:31:36.714" endtime="20260222 19:31:37.036"/>
</kw>
<status status="PASS" starttime="20260222 19:31:35.312" endtime="20260222 19:31:37.036"/>
</kw>
<kw name="Logout User" library="keywords">
<kw name="Execute Javascript" library="SeleniumLibrary">
<arg>document.querySelector("a[data-test='nav-menu']").click();</arg>
<doc>Executes the given JavaScript code with possible arguments.</doc>
<msg timestamp="20260222 19:31:37.038" level="INFO">Executing JavaScript:
document.querySelector("a[data-test='nav-menu']").click();
Without any arguments.</msg>
<status status="PASS" starttime="20260222 19:31:37.037" endtime="20260222 19:31:37.077"/>
</kw>
<kw name="Sleep" library="BuiltIn">
<arg>1s</arg>
<doc>Pauses the test executed for the given time.</doc>
<msg timestamp="20260222 19:31:38.079" level="INFO">Slept 1 second</msg>
<status status="PASS" starttime="20260222 19:31:37.077" endtime="20260222 19:31:38.079"/>
</kw>
<kw name="Execute Javascript" library="SeleniumLibrary">
<arg>document.querySelector("a[data-test='nav-sign-out']").click();</arg>
<doc>Executes the given JavaScript code with possible arguments.</doc>
<msg timestamp="20260222 19:31:38.082" level="INFO">Executing JavaScript:
document.querySelector("a[data-test='nav-sign-out']").click();
Without any arguments.</msg>
<status status="PASS" starttime="20260222 19:31:38.080" endtime="20260222 19:31:39.035"/>
</kw>
<kw name="Wait Until Element Is Visible" library="SeleniumLibrary">
<arg>css:a[data-test='nav-sign-in']</arg>
<arg>20s</arg>
<doc>Waits until the element ``locator`` is visible.</doc>
<status status="PASS" starttime="20260222 19:31:39.036" endtime="20260222 19:31:39.083"/>
</kw>
<status status="PASS" starttime="20260222 19:31:37.036" endtime="20260222 19:31:39.083"/>
</kw>
<kw name="Close Application" library="keywords">
<kw name="Close Browser" library="SeleniumLibrary">
<doc>Closes the current browser.</doc>
<status status="PASS" starttime="20260222 19:31:39.084" endtime="20260222 19:31:41.429"/>
</kw>
<status status="PASS" starttime="20260222 19:31:39.084" endtime="20260222 19:31:41.429"/>
</kw>
<status status="PASS" starttime="20260222 19:31:08.845" endtime="20260222 19:31:41.429"/>
</iter>
<status status="PASS" starttime="20260222 19:30:38.637" endtime="20260222 19:31:41.430"/>
</for>
<status status="PASS" starttime="20260222 19:30:38.633" endtime="20260222 19:31:41.430"/>
</test>
<status status="PASS" starttime="20260222 19:30:38.053" endtime="20260222 19:31:41.433"/>
</suite>
<status status="PASS" starttime="20260222 19:30:38.050" endtime="20260222 19:31:41.438"/>
</suite>
<status status="PASS" starttime="20260222 19:30:38.004" endtime="20260222 19:31:41.446"/>
</suite>
<statistics>
<total>
<stat pass="1" fail="0" skip="0">All Tests</stat>
</total>
<tag>
</tag>
<suite>
<stat pass="1" fail="0" skip="0" id="s1" name="Robot Tests">Robot Tests</stat>
<stat pass="1" fail="0" skip="0" id="s1-s1" name="Tests">Robot Tests.Tests</stat>
<stat pass="1" fail="0" skip="0" id="s1-s1-s1" name="Register Login">Robot Tests.Tests.Register Login</stat>
</suite>
</statistics>
<errors>
</errors>
</robot>
