<?xml version="1.0" encoding="UTF-8"?>
<robot generator="Robot 6.1.1 (Python 3.13.4 on win32)" generated="20260222 19:15:56.078" rpa="false" schemaversion="4">
<suite id="s1" name="Robot Tests" source="C:\Users\Mohan Reddy\OneDrive\Documents\capstone project\ecommerce-automation\robot_tests">
<suite id="s1-s1" name="Tests" source="C:\Users\Mohan Reddy\OneDrive\Documents\capstone project\ecommerce-automation\robot_tests\tests">
<suite id="s1-s1-s1" name="Register Login" source="C:\Users\Mohan Reddy\OneDrive\Documents\capstone project\ecommerce-automation\robot_tests\tests\register_login.robot">
<test id="s1-s1-s1-t1" name="Full User Journey From CSV" line="7">
<kw name="Read Csv File To List" library="CSVLibrary">
<var>${data}</var>
<arg>users.csv</arg>
<doc>Read CSV file and return its content as a Python list of tuples.</doc>
<msg timestamp="20260222 19:15:56.624" level="INFO">${data} = [['firstname', 'lastname', 'password', 'dob', 'street', 'postal_code', 'city', 'state', 'country', 'phone', 'product', 'quantity'], ['Ramesh', 'Kumar', 'Testingproject@123', '2000-01-01', '123 Market ...</msg>
<status status="PASS" starttime="20260222 19:15:56.623" endtime="20260222 19:15:56.624"/>
</kw>
<for flavor="IN">
<var>${row}</var>
<value>@{data}[1:]</value>
<iter>
<var name="${row}">['Ramesh', 'Kumar', 'Testingproject@123', '2000-01-01', '123 Market Street', '600002', 'Chennai', 'Tamil Nadu', 'India', '9876509876', 'pliers', '2']</var>
<kw name="Open Application" library="keywords">
<kw name="Open Browser" library="SeleniumLibrary">
<arg>${BASE_URL}</arg>
<arg>${BROWSER}</arg>
<doc>Opens a new browser instance to the optional ``url``.</doc>
<msg timestamp="20260222 19:15:56.626" level="INFO">Opening browser 'chrome' to base url 'https://practicesoftwaretesting.com/'.</msg>
<status status="PASS" starttime="20260222 19:15:56.625" endtime="20260222 19:16:00.404"/>
</kw>
<kw name="Maximize Browser Window" library="SeleniumLibrary">
<doc>Maximizes current browser window.</doc>
<status status="PASS" starttime="20260222 19:16:00.404" endtime="20260222 19:16:00.432"/>
</kw>
<status status="PASS" starttime="20260222 19:15:56.625" endtime="20260222 19:16:00.432"/>
</kw>
<kw name="Register User" library="keywords">
<arg>${row}[0]</arg>
<arg>${row}[1]</arg>
<arg>${row}[2]</arg>
<arg>${row}[3]</arg>
<arg>${row}[4]</arg>
<arg>${row}[5]</arg>
<arg>${row}[6]</arg>
<arg>${row}[7]</arg>
<arg>${row}[8]</arg>
<arg>${row}[9]</arg>
<kw name="Wait Until Element Is Visible" library="SeleniumLibrary">
<arg>css:a[data-test='nav-sign-in']</arg>
<arg>20s</arg>
<doc>Waits until the element ``locator`` is visible.</doc>
<status status="PASS" starttime="20260222 19:16:00.434" endtime="20260222 19:16:00.698"/>
</kw>
<kw name="Click Element" library="SeleniumLibrary">
<arg>css:a[data-test='nav-sign-in']</arg>
<doc>Click the element identified by ``locator``.</doc>
<msg timestamp="20260222 19:16:00.698" level="INFO">Clicking element 'css:a[data-test='nav-sign-in']'.</msg>
<status status="PASS" starttime="20260222 19:16:00.698" endtime="20260222 19:16:00.903"/>
</kw>
<kw name="Wait Until Element Is Visible" library="SeleniumLibrary">
<arg>xpath=//a[contains(text(),'Register your account')]</arg>
<arg>20s</arg>
<doc>Waits until the element ``locator`` is visible.</doc>
<status status="PASS" starttime="20260222 19:16:00.903" endtime="20260222 19:16:01.165"/>
</kw>
<kw name="Click Element" library="SeleniumLibrary">
<arg>xpath=//a[contains(text(),'Register your account')]</arg>
<doc>Click the element identified by ``locator``.</doc>
<msg timestamp="20260222 19:16:01.167" level="INFO">Clicking element 'xpath=//a[contains(text(),'Register your account')]'.</msg>
<status status="PASS" starttime="20260222 19:16:01.165" endtime="20260222 19:16:01.450"/>
</kw>
<kw name="Get Time" library="BuiltIn">
<var>${timestamp}</var>
<arg>epoch</arg>
<doc>Returns the given time in the requested format.</doc>
<msg timestamp="20260222 19:16:01.450" level="INFO">${timestamp} = 1771767961</msg>
<status status="PASS" starttime="20260222 19:16:01.450" endtime="20260222 19:16:01.450"/>
</kw>
<kw name="Catenate" library="BuiltIn">
<var>${EMAIL}</var>
<arg>${firstname}${timestamp}@example.com</arg>
<doc>Catenates the given items together and returns the resulted string.</doc>
<msg timestamp="20260222 19:16:01.450" level="INFO">${EMAIL} = Ramesh1771767961@example.com</msg>
<status status="PASS" starttime="20260222 19:16:01.450" endtime="20260222 19:16:01.450"/>
</kw>
<kw name="Set Suite Variable" library="BuiltIn">
<arg>${EMAIL}</arg>
<doc>Makes a variable available everywhere within the scope of the current suite.</doc>
<msg timestamp="20260222 19:16:01.451" level="INFO">${EMAIL} = Ramesh1771767961@example.com</msg>
<status status="PASS" starttime="20260222 19:16:01.451" endtime="20260222 19:16:01.451"/>
</kw>
<kw name="Set Suite Variable" library="BuiltIn">
<arg>${USER_PASSWORD}</arg>
<arg>${password}</arg>
<doc>Makes a variable available everywhere within the scope of the current suite.</doc>
<msg timestamp="20260222 19:16:01.452" level="INFO">${USER_PASSWORD} = Testingproject@123</msg>
<status status="PASS" starttime="20260222 19:16:01.451" endtime="20260222 19:16:01.452"/>
</kw>
<kw name="Wait Until Element Is Visible" library="SeleniumLibrary">
<arg>id:first_name</arg>
<arg>20s</arg>
<doc>Waits until the element ``locator`` is visible.</doc>
<status status="PASS" starttime="20260222 19:16:01.452" endtime="20260222 19:16:01.479"/>
</kw>
<kw name="Input Text" library="SeleniumLibrary">
<arg>id:first_name</arg>
<arg>${firstname}</arg>
<doc>Types the given ``text`` into the text field identified by ``locator``.</doc>
<msg timestamp="20260222 19:16:01.480" level="INFO">Typing text 'Ramesh' into text field 'id:first_name'.</msg>
<status status="PASS" starttime="20260222 19:16:01.479" endtime="20260222 19:16:01.695"/>
</kw>
<kw name="Input Text" library="SeleniumLibrary">
<arg>id:last_name</arg>
<arg>${lastname}</arg>
<doc>Types the given ``text`` into the text field identified by ``locator``.</doc>
<msg timestamp="20260222 19:16:01.696" level="INFO">Typing text 'Kumar' into text field 'id:last_name'.</msg>
<status status="PASS" starttime="20260222 19:16:01.695" endtime="20260222 19:16:01.823"/>
</kw>
<kw name="Input Text" library="SeleniumLibrary">
<arg>id:email</arg>
<arg>${EMAIL}</arg>
<doc>Types the given ``text`` into the text field identified by ``locator``.</doc>
<msg timestamp="20260222 19:16:01.824" level="INFO">Typing text 'Ramesh1771767961@example.com' into text field 'id:email'.</msg>
<status status="PASS" starttime="20260222 19:16:01.823" endtime="20260222 19:16:02.058"/>
</kw>
<kw name="Input Text" library="SeleniumLibrary">
<arg>id:password</arg>
<arg>${password}</arg>
<doc>Types the given ``text`` into the text field identified by ``locator``.</doc>
<msg timestamp="20260222 19:16:02.058" level="INFO">Typing text 'Testingproject@123' into text field 'id:password'.</msg>
<status status="PASS" starttime="20260222 19:16:02.058" endtime="20260222 19:16:02.270"/>
</kw>
<kw name="Input Text" library="SeleniumLibrary">
<arg>id:dob</arg>
<arg>${dob}</arg>
<doc>Types the given ``text`` into the text field identified by ``locator``.</doc>
<msg timestamp="20260222 19:16:02.271" level="INFO">Typing text '2000-01-01' into text field 'id:dob'.</msg>
<status status="PASS" starttime="20260222 19:16:02.270" endtime="20260222 19:16:02.379"/>
</kw>
<kw name="Input Text" library="SeleniumLibrary">
<arg>id:street</arg>
<arg>${street}</arg>
<doc>Types the given ``text`` into the text field identified by ``locator``.</doc>
<msg timestamp="20260222 19:16:02.379" level="INFO">Typing text '123 Market Street' into text field 'id:street'.</msg>
<status status="PASS" starttime="20260222 19:16:02.379" endtime="20260222 19:16:02.598"/>
</kw>
<kw name="Input Text" library="SeleniumLibrary">
<arg>id:postal_code</arg>
<arg>${postal_code}</arg>
<doc>Types the given ``text`` into the text field identified by ``locator``.</doc>
<msg timestamp="20260222 19:16:02.600" level="INFO">Typing text '600002' into text field 'id:postal_code'.</msg>
<status status="PASS" starttime="20260222 19:16:02.598" endtime="20260222 19:16:02.832"/>
</kw>
<kw name="Input Text" library="SeleniumLibrary">
<arg>id:city</arg>
<arg>${city}</arg>
<doc>Types the given ``text`` into the text field identified by ``locator``.</doc>
<msg timestamp="20260222 19:16:02.835" level="INFO">Typing text 'Chennai' into text field 'id:city'.</msg>
<status status="PASS" starttime="20260222 19:16:02.832" endtime="20260222 19:16:02.964"/>
</kw>
<kw name="Input Text" library="SeleniumLibrary">
<arg>id:state</arg>
<arg>${state}</arg>
<doc>Types the given ``text`` into the text field identified by ``locator``.</doc>
<msg timestamp="20260222 19:16:02.964" level="INFO">Typing text 'Tamil Nadu' into text field 'id:state'.</msg>
<status status="PASS" starttime="20260222 19:16:02.964" endtime="20260222 19:16:03.188"/>
</kw>
<kw name="Select From List By Label" library="SeleniumLibrary">
<arg>id:country</arg>
<arg>${country}</arg>
<doc>Selects options from selection list ``locator`` by ``labels``.</doc>
<msg timestamp="20260222 19:16:03.190" level="INFO">Selecting options from selection list 'id:country' by label India.</msg>
<status status="PASS" starttime="20260222 19:16:03.188" endtime="20260222 19:16:03.466"/>
</kw>
<kw name="Input Text" library="SeleniumLibrary">
<arg>id:phone</arg>
<arg>${phone}</arg>
<doc>Types the given ``text`` into the text field identified by ``locator``.</doc>
<msg timestamp="20260222 19:16:03.468" level="INFO">Typing text '9876509876' into text field 'id:phone'.</msg>
<status status="PASS" starttime="20260222 19:16:03.467" endtime="20260222 19:16:03.749"/>
</kw>
<kw name="Click Button" library="SeleniumLibrary">
<arg>css:button[type='submit']</arg>
<doc>Clicks the button identified by ``locator``.</doc>
<msg timestamp="20260222 19:16:03.750" level="INFO">Clicking button 'css:button[type='submit']'.</msg>
<status status="PASS" starttime="20260222 19:16:03.749" endtime="20260222 19:16:04.042"/>
</kw>
<kw name="Wait Until Page Contains Element" library="SeleniumLibrary">
<arg>css:form[data-test='login-form']</arg>
<arg>20s</arg>
<doc>Waits until the element ``locator`` appears on the current page.</doc>
<status status="PASS" starttime="20260222 19:16:04.042" endtime="20260222 19:16:06.196"/>
</kw>
<status status="PASS" starttime="20260222 19:16:00.433" endtime="20260222 19:16:06.196"/>
</kw>
<kw name="Login User" library="keywords">
<kw name="Input Text" library="SeleniumLibrary">
<arg>id:email</arg>
<arg>${EMAIL}</arg>
<doc>Types the given ``text`` into the text field identified by ``locator``.</doc>
<msg timestamp="20260222 19:16:06.197" level="INFO">Typing text 'Ramesh1771767961@example.com' into text field 'id:email'.</msg>
<status status="PASS" starttime="20260222 19:16:06.196" endtime="20260222 19:16:06.462"/>
</kw>
<kw name="Input Text" library="SeleniumLibrary">
<arg>id:password</arg>
<arg>${USER_PASSWORD}</arg>
<doc>Types the given ``text`` into the text field identified by ``locator``.</doc>
<msg timestamp="20260222 19:16:06.462" level="INFO">Typing text 'Testingproject@123' into text field 'id:password'.</msg>
<status status="PASS" starttime="20260222 19:16:06.462" endtime="20260222 19:16:06.658"/>
</kw>
<kw name="Click Button" library="SeleniumLibrary">
<arg>css:input[data-test='login-submit']</arg>
<doc>Clicks the button identified by ``locator``.</doc>
<msg timestamp="20260222 19:16:06.658" level="INFO">Clicking button 'css:input[data-test='login-submit']'.</msg>
<status status="PASS" starttime="20260222 19:16:06.658" endtime="20260222 19:16:06.753"/>
</kw>
<kw name="Wait Until Page Contains Element" library="SeleniumLibrary">
<arg>css:a[data-test='nav-menu']</arg>
<arg>20s</arg>
<doc>Waits until the element ``locator`` appears on the current page.</doc>
<status status="PASS" starttime="20260222 19:16:06.753" endtime="20260222 19:16:11.180"/>
</kw>
<status status="PASS" starttime="20260222 19:16:06.196" endtime="20260222 19:16:11.180"/>
</kw>
<kw name="Search And Add To Cart" library="keywords">
<arg>${row}[10]</arg>
<kw name="Go To" library="SeleniumLibrary">
<arg>${BASE_URL}</arg>
<doc>Navigates the current browser window to the provided ``url``.</doc>
<msg timestamp="20260222 19:16:11.182" level="INFO">Opening url 'https://practicesoftwaretesting.com/'</msg>
<status status="PASS" starttime="20260222 19:16:11.181" endtime="20260222 19:16:11.356"/>
</kw>
<kw name="Wait Until Element Is Visible" library="SeleniumLibrary">
<arg>css:input[data-test='search-query']</arg>
<arg>20s</arg>
<doc>Waits until the element ``locator`` is visible.</doc>
<status status="PASS" starttime="20260222 19:16:11.356" endtime="20260222 19:16:11.389"/>
</kw>
<kw name="Input Text" library="SeleniumLibrary">
<arg>css:input[data-test='search-query']</arg>
<arg>${product}</arg>
<doc>Types the given ``text`` into the text field identified by ``locator``.</doc>
<msg timestamp="20260222 19:16:11.389" level="INFO">Typing text 'pliers' into text field 'css:input[data-test='search-query']'.</msg>
<status status="PASS" starttime="20260222 19:16:11.389" endtime="20260222 19:16:11.584"/>
</kw>
<kw name="Click Button" library="SeleniumLibrary">
<arg>css:button[data-test='search-submit']</arg>
<doc>Clicks the button identified by ``locator``.</doc>
<msg timestamp="20260222 19:16:11.585" level="INFO">Clicking button 'css:button[data-test='search-submit']'.</msg>
<status status="PASS" starttime="20260222 19:16:11.584" endtime="20260222 19:16:11.722"/>
</kw>
<kw name="Wait Until Location Contains" library="SeleniumLibrary">
<arg>search</arg>
<arg>20s</arg>
<doc>Waits until the current URL contains ``expected``.</doc>
<msg timestamp="20260222 19:16:32.191" level="INFO" html="true">&lt;/td&gt;&lt;/tr&gt;&lt;tr&gt;&lt;td colspan="3"&gt;&lt;a href="selenium-screenshot-1.png"&gt;&lt;img src="selenium-screenshot-1.png" width="800px"&gt;&lt;/a&gt;</msg>
<msg timestamp="20260222 19:16:32.192" level="FAIL">Location did not contain 'search' in 20 seconds.</msg>
<status status="FAIL" starttime="20260222 19:16:11.722" endtime="20260222 19:16:32.200"/>
</kw>
<kw name="Wait Until Element Is Visible" library="SeleniumLibrary">
<arg>css:a.card</arg>
<arg>20s</arg>
<doc>Waits until the element ``locator`` is visible.</doc>
<status status="NOT RUN" starttime="20260222 19:16:32.201" endtime="20260222 19:16:32.201"/>
</kw>
<kw name="Sleep" library="BuiltIn">
<arg>2s</arg>
<doc>Pauses the test executed for the given time.</doc>
<status status="NOT RUN" starttime="20260222 19:16:32.201" endtime="20260222 19:16:32.201"/>
</kw>
<kw name="Click Element" library="SeleniumLibrary">
<arg>css:a.card</arg>
<doc>Click the element identified by ``locator``.</doc>
<status status="NOT RUN" starttime="20260222 19:16:32.201" endtime="20260222 19:16:32.201"/>
</kw>
<kw name="Wait Until Element Is Visible" library="SeleniumLibrary">
<arg>css:button[data-test='add-to-cart']</arg>
<arg>20s</arg>
<doc>Waits until the element ``locator`` is visible.</doc>
<status status="NOT RUN" starttime="20260222 19:16:32.202" endtime="20260222 19:16:32.202"/>
</kw>
<kw name="Click Button" library="SeleniumLibrary">
<arg>css:button[data-test='add-to-cart']</arg>
<doc>Clicks the button identified by ``locator``.</doc>
<status status="NOT RUN" starttime="20260222 19:16:32.202" endtime="20260222 19:16:32.202"/>
</kw>
<kw name="Wait Until Element Is Visible" library="SeleniumLibrary">
<arg>css:.ngx-toastr</arg>
<arg>10s</arg>
<doc>Waits until the element ``locator`` is visible.</doc>
<status status="NOT RUN" starttime="20260222 19:16:32.202" endtime="20260222 19:16:32.202"/>
</kw>
<kw name="Wait Until Element Is Not Visible" library="SeleniumLibrary">
<arg>css:.ngx-toastr</arg>
<arg>20s</arg>
<doc>Waits until the element ``locator`` is not visible.</doc>
<status status="NOT RUN" starttime="20260222 19:16:32.202" endtime="20260222 19:16:32.203"/>
</kw>
<status status="FAIL" starttime="20260222 19:16:11.180" endtime="20260222 19:16:32.203"/>
</kw>
<kw name="Open Cart" library="keywords">
<status status="NOT RUN" starttime="20260222 19:16:32.203" endtime="20260222 19:16:32.203"/>
</kw>
<kw name="Update Quantity" library="keywords">
<arg>${row}[11]</arg>
<status status="NOT RUN" starttime="20260222 19:16:32.204" endtime="20260222 19:16:32.204"/>
</kw>
<kw name="Logout User" library="keywords">
<status status="NOT RUN" starttime="20260222 19:16:32.204" endtime="20260222 19:16:32.204"/>
</kw>
<kw name="Close Application" library="keywords">
<status status="NOT RUN" starttime="20260222 19:16:32.204" endtime="20260222 19:16:32.204"/>
</kw>
<status status="FAIL" starttime="20260222 19:15:56.625" endtime="20260222 19:16:32.204"/>
</iter>
<status status="FAIL" starttime="20260222 19:15:56.624" endtime="20260222 19:16:32.205"/>
</for>
<status status="FAIL" starttime="20260222 19:15:56.623" endtime="20260222 19:16:32.206">Location did not contain 'search' in 20 seconds.</status>
</test>
<status status="FAIL" starttime="20260222 19:15:56.123" endtime="20260222 19:16:32.209"/>
</suite>
<status status="FAIL" starttime="20260222 19:15:56.120" endtime="20260222 19:16:32.212"/>
</suite>
<status status="FAIL" starttime="20260222 19:15:56.080" endtime="20260222 19:16:32.214"/>
</suite>
<statistics>
<total>
<stat pass="0" fail="1" skip="0">All Tests</stat>
</total>
<tag>
</tag>
<suite>
<stat pass="0" fail="1" skip="0" id="s1" name="Robot Tests">Robot Tests</stat>
<stat pass="0" fail="1" skip="0" id="s1-s1" name="Tests">Robot Tests.Tests</stat>
<stat pass="0" fail="1" skip="0" id="s1-s1-s1" name="Register Login">Robot Tests.Tests.Register Login</stat>
</suite>
</statistics>
<errors>
</errors>
</robot>
