<?xml version="1.0" encoding="UTF-8"?>
<robot generator="Robot 6.1.1 (Python 3.13.4 on win32)" generated="20260222 19:29:43.698" rpa="false" schemaversion="4">
<suite id="s1" name="Robot Tests" source="C:\Users\Mohan Reddy\OneDrive\Documents\capstone project\ecommerce-automation\robot_tests">
<suite id="s1-s1" name="Tests" source="C:\Users\Mohan Reddy\OneDrive\Documents\capstone project\ecommerce-automation\robot_tests\tests">
<suite id="s1-s1-s1" name="Register Login" source="C:\Users\Mohan Reddy\OneDrive\Documents\capstone project\ecommerce-automation\robot_tests\tests\register_login.robot">
<test id="s1-s1-s1-t1" name="Full User Journey From CSV" line="7">
<kw name="Read Csv File To List" library="CSVLibrary">
<var>${data}</var>
<arg>users.csv</arg>
<doc>Read CSV file and return its content as a Python list of tuples.</doc>
<msg timestamp="20260222 19:29:44.404" level="INFO">${data} = [['firstname', 'lastname', 'password', 'dob', 'street', 'postal_code', 'city', 'state', 'country', 'phone', 'product', 'quantity'], ['Ramesh', 'Kumar', 'Testingproject@123', '2000-01-01', '123 Market ...</msg>
<status status="PASS" starttime="20260222 19:29:44.403" endtime="20260222 19:29:44.404"/>
</kw>
<for flavor="IN">
<var>${row}</var>
<value>@{data}[1:]</value>
<iter>
<var name="${row}">['Ramesh', 'Kumar', 'Testingproject@123', '2000-01-01', '123 Market Street', '600002', 'Chennai', 'Tamil Nadu', 'India', '9876509876', 'pliers', '2']</var>
<kw name="Open Application" library="keywords">
<kw name="Open Browser" library="SeleniumLibrary">
<arg>${BASE_URL}</arg>
<arg>${BROWSER}</arg>
<doc>Opens a new browser instance to the optional ``url``.</doc>
<msg timestamp="20260222 19:29:44.406" level="INFO">Opening browser 'chrome' to base url 'https://practicesoftwaretesting.com/'.</msg>
<status status="PASS" starttime="20260222 19:29:44.405" endtime="20260222 19:29:48.345"/>
</kw>
<kw name="Maximize Browser Window" library="SeleniumLibrary">
<doc>Maximizes current browser window.</doc>
<status status="PASS" starttime="20260222 19:29:48.345" endtime="20260222 19:29:48.447"/>
</kw>
<status status="PASS" starttime="20260222 19:29:44.405" endtime="20260222 19:29:48.447"/>
</kw>
<kw name="Register User" library="keywords">
<arg>${row}[0]</arg>
<arg>${row}[1]</arg>
<arg>${row}[2]</arg>
<arg>${row}[3]</arg>
<arg>${row}[4]</arg>
<arg>${row}[5]</arg>
<arg>${row}[6]</arg>
<arg>${row}[7]</arg>
<arg>${row}[8]</arg>
<arg>${row}[9]</arg>
<kw name="Wait Until Element Is Visible" library="SeleniumLibrary">
<arg>css:a[data-test='nav-sign-in']</arg>
<arg>20s</arg>
<doc>Waits until the element ``locator`` is visible.</doc>
<status status="PASS" starttime="20260222 19:29:48.448" endtime="20260222 19:29:48.490"/>
</kw>
<kw name="Click Element" library="SeleniumLibrary">
<arg>css:a[data-test='nav-sign-in']</arg>
<doc>Click the element identified by ``locator``.</doc>
<msg timestamp="20260222 19:29:48.491" level="INFO">Clicking element 'css:a[data-test='nav-sign-in']'.</msg>
<status status="PASS" starttime="20260222 19:29:48.490" endtime="20260222 19:29:48.614"/>
</kw>
<kw name="Wait Until Element Is Visible" library="SeleniumLibrary">
<arg>xpath=//a[contains(text(),'Register your account')]</arg>
<arg>20s</arg>
<doc>Waits until the element ``locator`` is visible.</doc>
<status status="PASS" starttime="20260222 19:29:48.614" endtime="20260222 19:29:49.103"/>
</kw>
<kw name="Click Element" library="SeleniumLibrary">
<arg>xpath=//a[contains(text(),'Register your account')]</arg>
<doc>Click the element identified by ``locator``.</doc>
<msg timestamp="20260222 19:29:49.105" level="INFO">Clicking element 'xpath=//a[contains(text(),'Register your account')]'.</msg>
<status status="PASS" starttime="20260222 19:29:49.104" endtime="20260222 19:29:49.329"/>
</kw>
<kw name="Get Time" library="BuiltIn">
<var>${timestamp}</var>
<arg>epoch</arg>
<doc>Returns the given time in the requested format.</doc>
<msg timestamp="20260222 19:29:49.330" level="INFO">${timestamp} = 1771768789</msg>
<status status="PASS" starttime="20260222 19:29:49.329" endtime="20260222 19:29:49.330"/>
</kw>
<kw name="Catenate" library="BuiltIn">
<var>${EMAIL}</var>
<arg>${firstname}${timestamp}@example.com</arg>
<doc>Catenates the given items together and returns the resulted string.</doc>
<msg timestamp="20260222 19:29:49.330" level="INFO">${EMAIL} = Ramesh1771768789@example.com</msg>
<status status="PASS" starttime="20260222 19:29:49.330" endtime="20260222 19:29:49.330"/>
</kw>
<kw name="Set Suite Variable" library="BuiltIn">
<arg>${EMAIL}</arg>
<doc>Makes a variable available everywhere within the scope of the current suite.</doc>
<msg timestamp="20260222 19:29:49.331" level="INFO">${EMAIL} = Ramesh1771768789@example.com</msg>
<status status="PASS" starttime="20260222 19:29:49.330" endtime="20260222 19:29:49.331"/>
</kw>
<kw name="Set Suite Variable" library="BuiltIn">
<arg>${USER_PASSWORD}</arg>
<arg>${password}</arg>
<doc>Makes a variable available everywhere within the scope of the current suite.</doc>
<msg timestamp="20260222 19:29:49.332" level="INFO">${USER_PASSWORD} = Testingproject@123</msg>
<status status="PASS" starttime="20260222 19:29:49.331" endtime="20260222 19:29:49.332"/>
</kw>
<kw name="Wait Until Element Is Visible" library="SeleniumLibrary">
<arg>id:first_name</arg>
<arg>20s</arg>
<doc>Waits until the element ``locator`` is visible.</doc>
<status status="PASS" starttime="20260222 19:29:49.333" endtime="20260222 19:29:49.364"/>
</kw>
<kw name="Input Text" library="SeleniumLibrary">
<arg>id:first_name</arg>
<arg>${firstname}</arg>
<doc>Types the given ``text`` into the text field identified by ``locator``.</doc>
<msg timestamp="20260222 19:29:49.365" level="INFO">Typing text 'Ramesh' into text field 'id:first_name'.</msg>
<status status="PASS" starttime="20260222 19:29:49.364" endtime="20260222 19:29:49.519"/>
</kw>
<kw name="Input Text" library="SeleniumLibrary">
<arg>id:last_name</arg>
<arg>${lastname}</arg>
<doc>Types the given ``text`` into the text field identified by ``locator``.</doc>
<msg timestamp="20260222 19:29:49.520" level="INFO">Typing text 'Kumar' into text field 'id:last_name'.</msg>
<status status="PASS" starttime="20260222 19:29:49.519" endtime="20260222 19:29:49.657"/>
</kw>
<kw name="Input Text" library="SeleniumLibrary">
<arg>id:email</arg>
<arg>${EMAIL}</arg>
<doc>Types the given ``text`` into the text field identified by ``locator``.</doc>
<msg timestamp="20260222 19:29:49.657" level="INFO">Typing text 'Ramesh1771768789@example.com' into text field 'id:email'.</msg>
<status status="PASS" starttime="20260222 19:29:49.657" endtime="20260222 19:29:49.858"/>
</kw>
<kw name="Input Text" library="SeleniumLibrary">
<arg>id:password</arg>
<arg>${password}</arg>
<doc>Types the given ``text`` into the text field identified by ``locator``.</doc>
<msg timestamp="20260222 19:29:49.858" level="INFO">Typing text 'Testingproject@123' into text field 'id:password'.</msg>
<status status="PASS" starttime="20260222 19:29:49.858" endtime="20260222 19:29:50.009"/>
</kw>
<kw name="Input Text" library="SeleniumLibrary">
<arg>id:dob</arg>
<arg>${dob}</arg>
<doc>Types the given ``text`` into the text field identified by ``locator``.</doc>
<msg timestamp="20260222 19:29:50.010" level="INFO">Typing text '2000-01-01' into text field 'id:dob'.</msg>
<status status="PASS" starttime="20260222 19:29:50.009" endtime="20260222 19:29:50.133"/>
</kw>
<kw name="Input Text" library="SeleniumLibrary">
<arg>id:street</arg>
<arg>${street}</arg>
<doc>Types the given ``text`` into the text field identified by ``locator``.</doc>
<msg timestamp="20260222 19:29:50.134" level="INFO">Typing text '123 Market Street' into text field 'id:street'.</msg>
<status status="PASS" starttime="20260222 19:29:50.133" endtime="20260222 19:29:50.388"/>
</kw>
<kw name="Input Text" library="SeleniumLibrary">
<arg>id:postal_code</arg>
<arg>${postal_code}</arg>
<doc>Types the given ``text`` into the text field identified by ``locator``.</doc>
<msg timestamp="20260222 19:29:50.389" level="INFO">Typing text '600002' into text field 'id:postal_code'.</msg>
<status status="PASS" starttime="20260222 19:29:50.388" endtime="20260222 19:29:50.574"/>
</kw>
<kw name="Input Text" library="SeleniumLibrary">
<arg>id:city</arg>
<arg>${city}</arg>
<doc>Types the given ``text`` into the text field identified by ``locator``.</doc>
<msg timestamp="20260222 19:29:50.574" level="INFO">Typing text 'Chennai' into text field 'id:city'.</msg>
<status status="PASS" starttime="20260222 19:29:50.574" endtime="20260222 19:29:50.673"/>
</kw>
<kw name="Input Text" library="SeleniumLibrary">
<arg>id:state</arg>
<arg>${state}</arg>
<doc>Types the given ``text`` into the text field identified by ``locator``.</doc>
<msg timestamp="20260222 19:29:50.673" level="INFO">Typing text 'Tamil Nadu' into text field 'id:state'.</msg>
<status status="PASS" starttime="20260222 19:29:50.673" endtime="20260222 19:29:50.875"/>
</kw>
<kw name="Select From List By Label" library="SeleniumLibrary">
<arg>id:country</arg>
<arg>${country}</arg>
<doc>Selects options from selection list ``locator`` by ``labels``.</doc>
<msg timestamp="20260222 19:29:50.876" level="INFO">Selecting options from selection list 'id:country' by label India.</msg>
<status status="PASS" starttime="20260222 19:29:50.876" endtime="20260222 19:29:51.132"/>
</kw>
<kw name="Input Text" library="SeleniumLibrary">
<arg>id:phone</arg>
<arg>${phone}</arg>
<doc>Types the given ``text`` into the text field identified by ``locator``.</doc>
<msg timestamp="20260222 19:29:51.134" level="INFO">Typing text '9876509876' into text field 'id:phone'.</msg>
<status status="PASS" starttime="20260222 19:29:51.132" endtime="20260222 19:29:51.344"/>
</kw>
<kw name="Click Button" library="SeleniumLibrary">
<arg>css:button[type='submit']</arg>
<doc>Clicks the button identified by ``locator``.</doc>
<msg timestamp="20260222 19:29:51.345" level="INFO">Clicking button 'css:button[type='submit']'.</msg>
<status status="PASS" starttime="20260222 19:29:51.344" endtime="20260222 19:29:51.511"/>
</kw>
<kw name="Wait Until Page Contains Element" library="SeleniumLibrary">
<arg>css:form[data-test='login-form']</arg>
<arg>20s</arg>
<doc>Waits until the element ``locator`` appears on the current page.</doc>
<status status="PASS" starttime="20260222 19:29:51.511" endtime="20260222 19:29:53.304"/>
</kw>
<status status="PASS" starttime="20260222 19:29:48.447" endtime="20260222 19:29:53.304"/>
</kw>
<kw name="Login User" library="keywords">
<kw name="Input Text" library="SeleniumLibrary">
<arg>id:email</arg>
<arg>${EMAIL}</arg>
<doc>Types the given ``text`` into the text field identified by ``locator``.</doc>
<msg timestamp="20260222 19:29:53.306" level="INFO">Typing text 'Ramesh1771768789@example.com' into text field 'id:email'.</msg>
<status status="PASS" starttime="20260222 19:29:53.305" endtime="20260222 19:29:53.577"/>
</kw>
<kw name="Input Text" library="SeleniumLibrary">
<arg>id:password</arg>
<arg>${USER_PASSWORD}</arg>
<doc>Types the given ``text`` into the text field identified by ``locator``.</doc>
<msg timestamp="20260222 19:29:53.578" level="INFO">Typing text 'Testingproject@123' into text field 'id:password'.</msg>
<status status="PASS" starttime="20260222 19:29:53.577" endtime="20260222 19:29:53.720"/>
</kw>
<kw name="Click Button" library="SeleniumLibrary">
<arg>css:input[data-test='login-submit']</arg>
<doc>Clicks the button identified by ``locator``.</doc>
<msg timestamp="20260222 19:29:53.720" level="INFO">Clicking button 'css:input[data-test='login-submit']'.</msg>
<status status="PASS" starttime="20260222 19:29:53.720" endtime="20260222 19:29:53.872"/>
</kw>
<kw name="Wait Until Page Contains Element" library="SeleniumLibrary">
<arg>css:a[data-test='nav-menu']</arg>
<arg>20s</arg>
<doc>Waits until the element ``locator`` appears on the current page.</doc>
<status status="PASS" starttime="20260222 19:29:53.872" endtime="20260222 19:29:57.743"/>
</kw>
<status status="PASS" starttime="20260222 19:29:53.304" endtime="20260222 19:29:57.743"/>
</kw>
<kw name="Search And Add To Cart" library="keywords">
<arg>${row}[10]</arg>
<kw name="Go To" library="SeleniumLibrary">
<arg>${BASE_URL}</arg>
<doc>Navigates the current browser window to the provided ``url``.</doc>
<msg timestamp="20260222 19:29:57.744" level="INFO">Opening url 'https://practicesoftwaretesting.com/'</msg>
<status status="PASS" starttime="20260222 19:29:57.743" endtime="20260222 19:29:57.926"/>
</kw>
<kw name="Wait Until Element Is Visible" library="SeleniumLibrary">
<arg>css:input[data-test='search-query']</arg>
<arg>20s</arg>
<doc>Waits until the element ``locator`` is visible.</doc>
<status status="PASS" starttime="20260222 19:29:57.926" endtime="20260222 19:29:57.956"/>
</kw>
<kw name="Input Text" library="SeleniumLibrary">
<arg>css:input[data-test='search-query']</arg>
<arg>${product}</arg>
<doc>Types the given ``text`` into the text field identified by ``locator``.</doc>
<msg timestamp="20260222 19:29:57.957" level="INFO">Typing text 'pliers' into text field 'css:input[data-test='search-query']'.</msg>
<status status="PASS" starttime="20260222 19:29:57.956" endtime="20260222 19:29:58.170"/>
</kw>
<kw name="Click Button" library="SeleniumLibrary">
<arg>css:button[data-test='search-submit']</arg>
<doc>Clicks the button identified by ``locator``.</doc>
<msg timestamp="20260222 19:29:58.171" level="INFO">Clicking button 'css:button[data-test='search-submit']'.</msg>
<status status="PASS" starttime="20260222 19:29:58.170" endtime="20260222 19:29:58.358"/>
</kw>
<kw name="Wait Until Element Is Visible" library="SeleniumLibrary">
<arg>css:a.card</arg>
<arg>20s</arg>
<doc>Waits until the element ``locator`` is visible.</doc>
<status status="PASS" starttime="20260222 19:29:58.358" endtime="20260222 19:29:59.570"/>
</kw>
<kw name="Click Element" library="SeleniumLibrary">
<arg>css:a.card</arg>
<doc>Click the element identified by ``locator``.</doc>
<msg timestamp="20260222 19:29:59.571" level="INFO">Clicking element 'css:a.card'.</msg>
<status status="PASS" starttime="20260222 19:29:59.571" endtime="20260222 19:29:59.733"/>
</kw>
<kw name="Wait Until Element Is Visible" library="SeleniumLibrary">
<arg>css:button[data-test='add-to-cart']</arg>
<arg>20s</arg>
<doc>Waits until the element ``locator`` is visible.</doc>
<status status="PASS" starttime="20260222 19:29:59.733" endtime="20260222 19:30:00.874"/>
</kw>
<kw name="Click Button" library="SeleniumLibrary">
<arg>css:button[data-test='add-to-cart']</arg>
<doc>Clicks the button identified by ``locator``.</doc>
<msg timestamp="20260222 19:30:00.876" level="INFO">Clicking button 'css:button[data-test='add-to-cart']'.</msg>
<status status="PASS" starttime="20260222 19:30:00.874" endtime="20260222 19:30:01.058"/>
</kw>
<kw name="Wait Until Element Is Visible" library="SeleniumLibrary">
<arg>css:.ngx-toastr</arg>
<arg>10s</arg>
<doc>Waits until the element ``locator`` is visible.</doc>
<status status="PASS" starttime="20260222 19:30:01.058" endtime="20260222 19:30:04.567"/>
</kw>
<kw name="Wait Until Element Is Not Visible" library="SeleniumLibrary">
<arg>css:.ngx-toastr</arg>
<arg>20s</arg>
<doc>Waits until the element ``locator`` is not visible.</doc>
<status status="PASS" starttime="20260222 19:30:04.567" endtime="20260222 19:30:09.706"/>
</kw>
<status status="PASS" starttime="20260222 19:29:57.743" endtime="20260222 19:30:09.706"/>
</kw>
<kw name="Open Cart" library="keywords">
<kw name="Wait Until Element Is Visible" library="SeleniumLibrary">
<arg>css:a[data-test='nav-cart']</arg>
<arg>20s</arg>
<doc>Waits until the element ``locator`` is visible.</doc>
<status status="PASS" starttime="20260222 19:30:09.706" endtime="20260222 19:30:09.743"/>
</kw>
<kw name="Click Element" library="SeleniumLibrary">
<arg>css:a[data-test='nav-cart']</arg>
<doc>Click the element identified by ``locator``.</doc>
<msg timestamp="20260222 19:30:09.744" level="INFO">Clicking element 'css:a[data-test='nav-cart']'.</msg>
<status status="PASS" starttime="20260222 19:30:09.743" endtime="20260222 19:30:09.840"/>
</kw>
<kw name="Wait Until Location Contains" library="SeleniumLibrary">
<arg>checkout</arg>
<arg>20s</arg>
<doc>Waits until the current URL contains ``expected``.</doc>
<status status="PASS" starttime="20260222 19:30:09.840" endtime="20260222 19:30:10.489"/>
</kw>
<kw name="Wait Until Page Contains Element" library="SeleniumLibrary">
<arg>css:input[type='number']</arg>
<arg>20s</arg>
<doc>Waits until the element ``locator`` appears on the current page.</doc>
<msg timestamp="20260222 19:30:30.760" level="INFO" html="true">&lt;/td&gt;&lt;/tr&gt;&lt;tr&gt;&lt;td colspan="3"&gt;&lt;a href="selenium-screenshot-1.png"&gt;&lt;img src="selenium-screenshot-1.png" width="800px"&gt;&lt;/a&gt;</msg>
<msg timestamp="20260222 19:30:30.761" level="FAIL">Element 'css:input[type='number']' did not appear in 20 seconds.</msg>
<status status="FAIL" starttime="20260222 19:30:10.490" endtime="20260222 19:30:30.768"/>
</kw>
<status status="FAIL" starttime="20260222 19:30:09.706" endtime="20260222 19:30:30.768"/>
</kw>
<kw name="Update Quantity" library="keywords">
<arg>${row}[11]</arg>
<status status="NOT RUN" starttime="20260222 19:30:30.768" endtime="20260222 19:30:30.768"/>
</kw>
<kw name="Logout User" library="keywords">
<status status="NOT RUN" starttime="20260222 19:30:30.769" endtime="20260222 19:30:30.769"/>
</kw>
<kw name="Close Application" library="keywords">
<status status="NOT RUN" starttime="20260222 19:30:30.769" endtime="20260222 19:30:30.769"/>
</kw>
<status status="FAIL" starttime="20260222 19:29:44.405" endtime="20260222 19:30:30.769"/>
</iter>
<status status="FAIL" starttime="20260222 19:29:44.404" endtime="20260222 19:30:30.769"/>
</for>
<status status="FAIL" starttime="20260222 19:29:44.401" endtime="20260222 19:30:30.770">Element 'css:input[type='number']' did not appear in 20 seconds.</status>
</test>
<status status="FAIL" starttime="20260222 19:29:43.780" endtime="20260222 19:30:30.772"/>
</suite>
<status status="FAIL" starttime="20260222 19:29:43.777" endtime="20260222 19:30:30.776"/>
</suite>
<status status="FAIL" starttime="20260222 19:29:43.702" endtime="20260222 19:30:30.779"/>
</suite>
<statistics>
<total>
<stat pass="0" fail="1" skip="0">All Tests</stat>
</total>
<tag>
</tag>
<suite>
<stat pass="0" fail="1" skip="0" id="s1" name="Robot Tests">Robot Tests</stat>
<stat pass="0" fail="1" skip="0" id="s1-s1" name="Tests">Robot Tests.Tests</stat>
<stat pass="0" fail="1" skip="0" id="s1-s1-s1" name="Register Login">Robot Tests.Tests.Register Login</stat>
</suite>
</statistics>
<errors>
</errors>
</robot>
